<?xml version="1.0" encoding="UTF-8"?>
<!DOCTYPE coverage SYSTEM "http://cobertura.sourceforge.net/xml/coverage-04.dtd">
<coverage line-rate="1" branch-rate="0" lines-covered="645" lines-valid="645" branches-covered="0" branches-valid="0" complexity="177" version="0.4" timestamp="1781990742">
  <sources>
    <source>/app/src</source>
  </sources>
  <packages>
    <package name="Http/Controllers/Controller.php" line-rate="1" branch-rate="0" complexity="1">
      <classes>
        <class name="Playground\Admin\Resource\Http\Controllers\Controller" filename="Http/Controllers/Controller.php" line-rate="1" branch-rate="0" complexity="1">
          <methods>
            <method name="packageInfo" signature="" line-rate="1" branch-rate="0" complexity="1">
              <lines>
                <line number="39" hits="79"/>
              </lines>
            </method>
          </methods>
          <lines>
            <line number="39" hits="79"/>
          </lines>
        </class>
      </classes>
    </package>
    <package name="Http/Controllers/IndexController.php" line-rate="1" branch-rate="0" complexity="1">
      <classes>
        <class name="Playground\Admin\Resource\Http\Controllers\IndexController" filename="Http/Controllers/IndexController.php" line-rate="1" branch-rate="0" complexity="1">
          <methods>
            <method name="index" signature="" line-rate="1" branch-rate="0" complexity="1">
              <lines>
                <line number="34" hits="1"/>
                <line number="39" hits="1"/>
                <line number="41" hits="1"/>
                <line number="42" hits="1"/>
                <line number="43" hits="1"/>
              </lines>
            </method>
          </methods>
          <lines>
            <line number="34" hits="1"/>
            <line number="39" hits="1"/>
            <line number="41" hits="1"/>
            <line number="42" hits="1"/>
            <line number="43" hits="1"/>
          </lines>
        </class>
      </classes>
    </package>
    <package name="Http/Controllers/SettingController.php" line-rate="1" branch-rate="0" complexity="43">
      <classes>
        <class name="Playground\Admin\Resource\Http\Controllers\SettingController" filename="Http/Controllers/SettingController.php" line-rate="1" branch-rate="0" complexity="43">
          <methods>
            <method name="create" signature="Requests\Setting\CreateRequest $request" line-rate="1" branch-rate="0" complexity="4">
              <lines>
                <line number="53" hits="3"/>
                <line number="55" hits="3"/>
                <line number="57" hits="3"/>
                <line number="59" hits="3"/>
                <line number="60" hits="1"/>
                <line number="61" hits="1"/>
                <line number="62" hits="1"/>
                <line number="65" hits="2"/>
                <line number="67" hits="2"/>
                <line number="68" hits="2"/>
                <line number="69" hits="2"/>
                <line number="70" hits="2"/>
                <line number="71" hits="2"/>
                <line number="72" hits="2"/>
                <line number="74" hits="2"/>
                <line number="75" hits="2"/>
                <line number="76" hits="2"/>
                <line number="77" hits="2"/>
                <line number="78" hits="2"/>
                <line number="80" hits="2"/>
                <line number="82" hits="2"/>
                <line number="83" hits="1"/>
                <line number="84" hits="1"/>
                <line number="87" hits="2"/>
                <line number="88" hits="2"/>
                <line number="94" hits="2"/>
                <line number="96" hits="2"/>
              </lines>
            </method>
            <method name="edit" signature="Setting $setting, Requests\Setting\EditRequest $request" line-rate="1" branch-rate="0" complexity="4">
              <lines>
                <line number="109" hits="3"/>
                <line number="111" hits="3"/>
                <line number="113" hits="3"/>
                <line number="114" hits="1"/>
                <line number="115" hits="1"/>
                <line number="116" hits="1"/>
                <line number="119" hits="2"/>
                <line number="121" hits="2"/>
                <line number="123" hits="2"/>
                <line number="124" hits="1"/>
                <line number="127" hits="2"/>
                <line number="128" hits="2"/>
                <line number="129" hits="2"/>
                <line number="130" hits="2"/>
                <line number="131" hits="2"/>
                <line number="132" hits="2"/>
                <line number="134" hits="2"/>
                <line number="135" hits="2"/>
                <line number="136" hits="2"/>
                <line number="137" hits="2"/>
                <line number="138" hits="2"/>
                <line number="140" hits="2"/>
                <line number="141" hits="1"/>
                <line number="144" hits="2"/>
                <line number="149" hits="2"/>
                <line number="151" hits="2"/>
              </lines>
            </method>
            <method name="destroy" signature="Setting $setting, Requests\Setting\DestroyRequest $request" line-rate="1" branch-rate="0" complexity="6">
              <lines>
                <line number="164" hits="7"/>
                <line number="166" hits="7"/>
                <line number="168" hits="7"/>
                <line number="170" hits="7"/>
                <line number="171" hits="7"/>
                <line number="174" hits="7"/>
                <line number="175" hits="5"/>
                <line number="177" hits="2"/>
                <line number="180" hits="7"/>
                <line number="181" hits="4"/>
                <line number="184" hits="3"/>
                <line number="186" hits="3"/>
                <line number="187" hits="1"/>
                <line number="190" hits="2"/>
              </lines>
            </method>
            <method name="lock" signature="Setting $setting, Requests\Setting\LockRequest $request" line-rate="1" branch-rate="0" complexity="5">
              <lines>
                <line number="203" hits="4"/>
                <line number="205" hits="4"/>
                <line number="207" hits="4"/>
                <line number="209" hits="4"/>
                <line number="210" hits="4"/>
                <line number="213" hits="4"/>
                <line number="215" hits="4"/>
                <line number="217" hits="4"/>
                <line number="218" hits="2"/>
                <line number="219" hits="2"/>
                <line number="220" hits="2"/>
                <line number="223" hits="2"/>
                <line number="225" hits="2"/>
                <line number="226" hits="1"/>
                <line number="229" hits="1"/>
                <line number="230" hits="1"/>
                <line number="231" hits="1"/>
                <line number="232" hits="1"/>
              </lines>
            </method>
            <method name="index" signature="Requests\Setting\IndexRequest $request" line-rate="1" branch-rate="0" complexity="6">
              <lines>
                <line number="244" hits="4"/>
                <line number="255" hits="4"/>
                <line number="257" hits="4"/>
                <line number="259" hits="4"/>
                <line number="261" hits="4"/>
                <line number="263" hits="2"/>
                <line number="265" hits="2"/>
                <line number="266" hits="2"/>
                <line number="267" hits="2"/>
                <line number="268" hits="2"/>
                <line number="270" hits="2"/>
                <line number="271" hits="2"/>
                <line number="272" hits="2"/>
                <line number="273" hits="2"/>
                <line number="275" hits="2"/>
                <line number="276" hits="2"/>
                <line number="277" hits="2"/>
                <line number="278" hits="2"/>
                <line number="280" hits="2"/>
                <line number="281" hits="2"/>
                <line number="282" hits="2"/>
                <line number="283" hits="2"/>
                <line number="286" hits="4"/>
                <line number="287" hits="4"/>
                <line number="289" hits="4"/>
                <line number="291" hits="4"/>
                <line number="292" hits="2"/>
                <line number="295" hits="2"/>
                <line number="297" hits="2"/>
                <line number="298" hits="2"/>
                <line number="299" hits="2"/>
                <line number="300" hits="2"/>
                <line number="301" hits="2"/>
                <line number="302" hits="2"/>
                <line number="303" hits="2"/>
                <line number="304" hits="2"/>
                <line number="305" hits="2"/>
                <line number="306" hits="2"/>
                <line number="307" hits="2"/>
                <line number="308" hits="2"/>
                <line number="310" hits="2"/>
                <line number="311" hits="2"/>
                <line number="312" hits="2"/>
                <line number="313" hits="2"/>
                <line number="318" hits="2"/>
                <line number="320" hits="2"/>
              </lines>
            </method>
            <method name="restore" signature="Setting $setting, Requests\Setting\RestoreRequest $request" line-rate="1" branch-rate="0" complexity="4">
              <lines>
                <line number="333" hits="4"/>
                <line number="335" hits="4"/>
                <line number="337" hits="4"/>
                <line number="339" hits="4"/>
                <line number="341" hits="4"/>
                <line number="343" hits="4"/>
                <line number="344" hits="2"/>
                <line number="345" hits="2"/>
                <line number="346" hits="2"/>
                <line number="349" hits="2"/>
                <line number="351" hits="2"/>
                <line number="352" hits="1"/>
                <line number="355" hits="1"/>
                <line number="356" hits="1"/>
                <line number="357" hits="1"/>
                <line number="358" hits="1"/>
              </lines>
            </method>
            <method name="show" signature="Setting $setting, Requests\Setting\ShowRequest $request" line-rate="1" branch-rate="0" complexity="2">
              <lines>
                <line number="371" hits="2"/>
                <line number="373" hits="2"/>
                <line number="374" hits="1"/>
                <line number="375" hits="1"/>
                <line number="376" hits="1"/>
                <line number="379" hits="1"/>
                <line number="381" hits="1"/>
                <line number="382" hits="1"/>
                <line number="383" hits="1"/>
                <line number="384" hits="1"/>
                <line number="385" hits="1"/>
                <line number="386" hits="1"/>
                <line number="388" hits="1"/>
                <line number="389" hits="1"/>
                <line number="390" hits="1"/>
                <line number="391" hits="1"/>
                <line number="396" hits="1"/>
                <line number="398" hits="1"/>
              </lines>
            </method>
            <method name="store" signature="Requests\Setting\StoreRequest $request" line-rate="1" branch-rate="0" complexity="4">
              <lines>
                <line number="410" hits="3"/>
                <line number="412" hits="3"/>
                <line number="414" hits="3"/>
                <line number="416" hits="3"/>
                <line number="418" hits="3"/>
                <line number="420" hits="3"/>
                <line number="422" hits="3"/>
                <line number="423" hits="1"/>
                <line number="424" hits="1"/>
                <line number="425" hits="1"/>
                <line number="428" hits="2"/>
                <line number="430" hits="2"/>
                <line number="431" hits="1"/>
                <line number="434" hits="1"/>
                <line number="435" hits="1"/>
                <line number="436" hits="1"/>
                <line number="437" hits="1"/>
              </lines>
            </method>
            <method name="unlock" signature="Setting $setting, Requests\Setting\UnlockRequest $request" line-rate="1" branch-rate="0" complexity="4">
              <lines>
                <line number="450" hits="4"/>
                <line number="452" hits="4"/>
                <line number="454" hits="4"/>
                <line number="456" hits="4"/>
                <line number="458" hits="4"/>
                <line number="460" hits="4"/>
                <line number="462" hits="4"/>
                <line number="463" hits="2"/>
                <line number="464" hits="2"/>
                <line number="465" hits="2"/>
                <line number="468" hits="2"/>
                <line number="470" hits="2"/>
                <line number="471" hits="1"/>
                <line number="474" hits="1"/>
                <line number="475" hits="1"/>
                <line number="476" hits="1"/>
                <line number="477" hits="1"/>
              </lines>
            </method>
            <method name="update" signature="Setting $setting, Requests\Setting\UpdateRequest $request" line-rate="1" branch-rate="0" complexity="4">
              <lines>
                <line number="490" hits="5"/>
                <line number="492" hits="5"/>
                <line number="494" hits="5"/>
                <line number="496" hits="5"/>
                <line number="498" hits="5"/>
                <line number="500" hits="5"/>
                <line number="501" hits="2"/>
                <line number="502" hits="2"/>
                <line number="503" hits="2"/>
                <line number="506" hits="3"/>
                <line number="508" hits="3"/>
                <line number="509" hits="1"/>
                <line number="512" hits="2"/>
                <line number="513" hits="2"/>
                <line number="514" hits="2"/>
                <line number="515" hits="2"/>
              </lines>
            </method>
          </methods>
          <lines>
            <line number="53" hits="3"/>
            <line number="55" hits="3"/>
            <line number="57" hits="3"/>
            <line number="59" hits="3"/>
            <line number="60" hits="1"/>
            <line number="61" hits="1"/>
            <line number="62" hits="1"/>
            <line number="65" hits="2"/>
            <line number="67" hits="2"/>
            <line number="68" hits="2"/>
            <line number="69" hits="2"/>
            <line number="70" hits="2"/>
            <line number="71" hits="2"/>
            <line number="72" hits="2"/>
            <line number="74" hits="2"/>
            <line number="75" hits="2"/>
            <line number="76" hits="2"/>
            <line number="77" hits="2"/>
            <line number="78" hits="2"/>
            <line number="80" hits="2"/>
            <line number="82" hits="2"/>
            <line number="83" hits="1"/>
            <line number="84" hits="1"/>
            <line number="87" hits="2"/>
            <line number="88" hits="2"/>
            <line number="94" hits="2"/>
            <line number="96" hits="2"/>
            <line number="109" hits="3"/>
            <line number="111" hits="3"/>
            <line number="113" hits="3"/>
            <line number="114" hits="1"/>
            <line number="115" hits="1"/>
            <line number="116" hits="1"/>
            <line number="119" hits="2"/>
            <line number="121" hits="2"/>
            <line number="123" hits="2"/>
            <line number="124" hits="1"/>
            <line number="127" hits="2"/>
            <line number="128" hits="2"/>
            <line number="129" hits="2"/>
            <line number="130" hits="2"/>
            <line number="131" hits="2"/>
            <line number="132" hits="2"/>
            <line number="134" hits="2"/>
            <line number="135" hits="2"/>
            <line number="136" hits="2"/>
            <line number="137" hits="2"/>
            <line number="138" hits="2"/>
            <line number="140" hits="2"/>
            <line number="141" hits="1"/>
            <line number="144" hits="2"/>
            <line number="149" hits="2"/>
            <line number="151" hits="2"/>
            <line number="164" hits="7"/>
            <line number="166" hits="7"/>
            <line number="168" hits="7"/>
            <line number="170" hits="7"/>
            <line number="171" hits="7"/>
            <line number="174" hits="7"/>
            <line number="175" hits="5"/>
            <line number="177" hits="2"/>
            <line number="180" hits="7"/>
            <line number="181" hits="4"/>
            <line number="184" hits="3"/>
            <line number="186" hits="3"/>
            <line number="187" hits="1"/>
            <line number="190" hits="2"/>
            <line number="203" hits="4"/>
            <line number="205" hits="4"/>
            <line number="207" hits="4"/>
            <line number="209" hits="4"/>
            <line number="210" hits="4"/>
            <line number="213" hits="4"/>
            <line number="215" hits="4"/>
            <line number="217" hits="4"/>
            <line number="218" hits="2"/>
            <line number="219" hits="2"/>
            <line number="220" hits="2"/>
            <line number="223" hits="2"/>
            <line number="225" hits="2"/>
            <line number="226" hits="1"/>
            <line number="229" hits="1"/>
            <line number="230" hits="1"/>
            <line number="231" hits="1"/>
            <line number="232" hits="1"/>
            <line number="244" hits="4"/>
            <line number="255" hits="4"/>
            <line number="257" hits="4"/>
            <line number="259" hits="4"/>
            <line number="261" hits="4"/>
            <line number="263" hits="2"/>
            <line number="265" hits="2"/>
            <line number="266" hits="2"/>
            <line number="267" hits="2"/>
            <line number="268" hits="2"/>
            <line number="270" hits="2"/>
            <line number="271" hits="2"/>
            <line number="272" hits="2"/>
            <line number="273" hits="2"/>
            <line number="275" hits="2"/>
            <line number="276" hits="2"/>
            <line number="277" hits="2"/>
            <line number="278" hits="2"/>
            <line number="280" hits="2"/>
            <line number="281" hits="2"/>
            <line number="282" hits="2"/>
            <line number="283" hits="2"/>
            <line number="286" hits="4"/>
            <line number="287" hits="4"/>
            <line number="289" hits="4"/>
            <line number="291" hits="4"/>
            <line number="292" hits="2"/>
            <line number="295" hits="2"/>
            <line number="297" hits="2"/>
            <line number="298" hits="2"/>
            <line number="299" hits="2"/>
            <line number="300" hits="2"/>
            <line number="301" hits="2"/>
            <line number="302" hits="2"/>
            <line number="303" hits="2"/>
            <line number="304" hits="2"/>
            <line number="305" hits="2"/>
            <line number="306" hits="2"/>
            <line number="307" hits="2"/>
            <line number="308" hits="2"/>
            <line number="310" hits="2"/>
            <line number="311" hits="2"/>
            <line number="312" hits="2"/>
            <line number="313" hits="2"/>
            <line number="318" hits="2"/>
            <line number="320" hits="2"/>
            <line number="333" hits="4"/>
            <line number="335" hits="4"/>
            <line number="337" hits="4"/>
            <line number="339" hits="4"/>
            <line number="341" hits="4"/>
            <line number="343" hits="4"/>
            <line number="344" hits="2"/>
            <line number="345" hits="2"/>
            <line number="346" hits="2"/>
            <line number="349" hits="2"/>
            <line number="351" hits="2"/>
            <line number="352" hits="1"/>
            <line number="355" hits="1"/>
            <line number="356" hits="1"/>
            <line number="357" hits="1"/>
            <line number="358" hits="1"/>
            <line number="371" hits="2"/>
            <line number="373" hits="2"/>
            <line number="374" hits="1"/>
            <line number="375" hits="1"/>
            <line number="376" hits="1"/>
            <line number="379" hits="1"/>
            <line number="381" hits="1"/>
            <line number="382" hits="1"/>
            <line number="383" hits="1"/>
            <line number="384" hits="1"/>
            <line number="385" hits="1"/>
            <line number="386" hits="1"/>
            <line number="388" hits="1"/>
            <line number="389" hits="1"/>
            <line number="390" hits="1"/>
            <line number="391" hits="1"/>
            <line number="396" hits="1"/>
            <line number="398" hits="1"/>
            <line number="410" hits="3"/>
            <line number="412" hits="3"/>
            <line number="414" hits="3"/>
            <line number="416" hits="3"/>
            <line number="418" hits="3"/>
            <line number="420" hits="3"/>
            <line number="422" hits="3"/>
            <line number="423" hits="1"/>
            <line number="424" hits="1"/>
            <line number="425" hits="1"/>
            <line number="428" hits="2"/>
            <line number="430" hits="2"/>
            <line number="431" hits="1"/>
            <line number="434" hits="1"/>
            <line number="435" hits="1"/>
            <line number="436" hits="1"/>
            <line number="437" hits="1"/>
            <line number="450" hits="4"/>
            <line number="452" hits="4"/>
            <line number="454" hits="4"/>
            <line number="456" hits="4"/>
            <line number="458" hits="4"/>
            <line number="460" hits="4"/>
            <line number="462" hits="4"/>
            <line number="463" hits="2"/>
            <line number="464" hits="2"/>
            <line number="465" hits="2"/>
            <line number="468" hits="2"/>
            <line number="470" hits="2"/>
            <line number="471" hits="1"/>
            <line number="474" hits="1"/>
            <line number="475" hits="1"/>
            <line number="476" hits="1"/>
            <line number="477" hits="1"/>
            <line number="490" hits="5"/>
            <line number="492" hits="5"/>
            <line number="494" hits="5"/>
            <line number="496" hits="5"/>
            <line number="498" hits="5"/>
            <line number="500" hits="5"/>
            <line number="501" hits="2"/>
            <line number="502" hits="2"/>
            <line number="503" hits="2"/>
            <line number="506" hits="3"/>
            <line number="508" hits="3"/>
            <line number="509" hits="1"/>
            <line number="512" hits="2"/>
            <line number="513" hits="2"/>
            <line number="514" hits="2"/>
            <line number="515" hits="2"/>
          </lines>
        </class>
      </classes>
    </package>
    <package name="Http/Controllers/UserController.php" line-rate="1" branch-rate="0" complexity="43">
      <classes>
        <class name="Playground\Admin\Resource\Http\Controllers\UserController" filename="Http/Controllers/UserController.php" line-rate="1" branch-rate="0" complexity="43">
          <methods>
            <method name="create" signature="Requests\User\CreateRequest $request" line-rate="1" branch-rate="0" complexity="4">
              <lines>
                <line number="53" hits="3"/>
                <line number="55" hits="3"/>
                <line number="57" hits="3"/>
                <line number="59" hits="3"/>
                <line number="60" hits="1"/>
                <line number="61" hits="1"/>
                <line number="62" hits="1"/>
                <line number="65" hits="2"/>
                <line number="67" hits="2"/>
                <line number="68" hits="2"/>
                <line number="69" hits="2"/>
                <line number="70" hits="2"/>
                <line number="71" hits="2"/>
                <line number="72" hits="2"/>
                <line number="74" hits="2"/>
                <line number="75" hits="2"/>
                <line number="76" hits="2"/>
                <line number="77" hits="2"/>
                <line number="78" hits="2"/>
                <line number="80" hits="2"/>
                <line number="82" hits="2"/>
                <line number="83" hits="1"/>
                <line number="84" hits="1"/>
                <line number="87" hits="2"/>
                <line number="88" hits="2"/>
                <line number="94" hits="2"/>
                <line number="96" hits="2"/>
              </lines>
            </method>
            <method name="edit" signature="User $user, Requests\User\EditRequest $request" line-rate="1" branch-rate="0" complexity="4">
              <lines>
                <line number="109" hits="3"/>
                <line number="111" hits="3"/>
                <line number="113" hits="3"/>
                <line number="114" hits="1"/>
                <line number="115" hits="1"/>
                <line number="116" hits="1"/>
                <line number="119" hits="2"/>
                <line number="121" hits="2"/>
                <line number="123" hits="2"/>
                <line number="124" hits="1"/>
                <line number="127" hits="2"/>
                <line number="128" hits="2"/>
                <line number="129" hits="2"/>
                <line number="130" hits="2"/>
                <line number="131" hits="2"/>
                <line number="132" hits="2"/>
                <line number="134" hits="2"/>
                <line number="135" hits="2"/>
                <line number="136" hits="2"/>
                <line number="137" hits="2"/>
                <line number="138" hits="2"/>
                <line number="140" hits="2"/>
                <line number="141" hits="1"/>
                <line number="144" hits="2"/>
                <line number="149" hits="2"/>
                <line number="151" hits="2"/>
              </lines>
            </method>
            <method name="destroy" signature="User $user, Requests\User\DestroyRequest $request" line-rate="1" branch-rate="0" complexity="6">
              <lines>
                <line number="164" hits="7"/>
                <line number="166" hits="7"/>
                <line number="168" hits="7"/>
                <line number="170" hits="7"/>
                <line number="171" hits="7"/>
                <line number="174" hits="7"/>
                <line number="175" hits="5"/>
                <line number="177" hits="2"/>
                <line number="180" hits="7"/>
                <line number="181" hits="4"/>
                <line number="184" hits="3"/>
                <line number="186" hits="3"/>
                <line number="187" hits="1"/>
                <line number="190" hits="2"/>
              </lines>
            </method>
            <method name="lock" signature="User $user, Requests\User\LockRequest $request" line-rate="1" branch-rate="0" complexity="5">
              <lines>
                <line number="203" hits="4"/>
                <line number="205" hits="4"/>
                <line number="207" hits="4"/>
                <line number="209" hits="4"/>
                <line number="210" hits="4"/>
                <line number="213" hits="4"/>
                <line number="215" hits="4"/>
                <line number="217" hits="4"/>
                <line number="218" hits="2"/>
                <line number="219" hits="2"/>
                <line number="220" hits="2"/>
                <line number="223" hits="2"/>
                <line number="225" hits="2"/>
                <line number="226" hits="1"/>
                <line number="229" hits="1"/>
                <line number="230" hits="1"/>
                <line number="231" hits="1"/>
                <line number="232" hits="1"/>
              </lines>
            </method>
            <method name="index" signature="Requests\User\IndexRequest $request" line-rate="1" branch-rate="0" complexity="6">
              <lines>
                <line number="244" hits="4"/>
                <line number="255" hits="4"/>
                <line number="257" hits="4"/>
                <line number="259" hits="4"/>
                <line number="261" hits="4"/>
                <line number="263" hits="2"/>
                <line number="265" hits="2"/>
                <line number="266" hits="2"/>
                <line number="267" hits="2"/>
                <line number="268" hits="2"/>
                <line number="270" hits="2"/>
                <line number="271" hits="2"/>
                <line number="272" hits="2"/>
                <line number="273" hits="2"/>
                <line number="275" hits="2"/>
                <line number="276" hits="2"/>
                <line number="277" hits="2"/>
                <line number="278" hits="2"/>
                <line number="280" hits="2"/>
                <line number="281" hits="2"/>
                <line number="282" hits="2"/>
                <line number="283" hits="2"/>
                <line number="286" hits="4"/>
                <line number="287" hits="4"/>
                <line number="289" hits="4"/>
                <line number="291" hits="4"/>
                <line number="292" hits="2"/>
                <line number="295" hits="2"/>
                <line number="297" hits="2"/>
                <line number="298" hits="2"/>
                <line number="299" hits="2"/>
                <line number="300" hits="2"/>
                <line number="301" hits="2"/>
                <line number="302" hits="2"/>
                <line number="303" hits="2"/>
                <line number="304" hits="2"/>
                <line number="305" hits="2"/>
                <line number="306" hits="2"/>
                <line number="307" hits="2"/>
                <line number="308" hits="2"/>
                <line number="310" hits="2"/>
                <line number="311" hits="2"/>
                <line number="312" hits="2"/>
                <line number="313" hits="2"/>
                <line number="318" hits="2"/>
                <line number="320" hits="2"/>
              </lines>
            </method>
            <method name="restore" signature="User $user, Requests\User\RestoreRequest $request" line-rate="1" branch-rate="0" complexity="4">
              <lines>
                <line number="333" hits="4"/>
                <line number="335" hits="4"/>
                <line number="337" hits="4"/>
                <line number="339" hits="4"/>
                <line number="341" hits="4"/>
                <line number="343" hits="4"/>
                <line number="344" hits="2"/>
                <line number="345" hits="2"/>
                <line number="346" hits="2"/>
                <line number="349" hits="2"/>
                <line number="351" hits="2"/>
                <line number="352" hits="1"/>
                <line number="355" hits="1"/>
                <line number="356" hits="1"/>
                <line number="357" hits="1"/>
                <line number="358" hits="1"/>
              </lines>
            </method>
            <method name="show" signature="User $user, Requests\User\ShowRequest $request" line-rate="1" branch-rate="0" complexity="2">
              <lines>
                <line number="371" hits="2"/>
                <line number="373" hits="2"/>
                <line number="374" hits="1"/>
                <line number="375" hits="1"/>
                <line number="376" hits="1"/>
                <line number="379" hits="1"/>
                <line number="381" hits="1"/>
                <line number="382" hits="1"/>
                <line number="383" hits="1"/>
                <line number="384" hits="1"/>
                <line number="385" hits="1"/>
                <line number="386" hits="1"/>
                <line number="388" hits="1"/>
                <line number="389" hits="1"/>
                <line number="390" hits="1"/>
                <line number="391" hits="1"/>
                <line number="396" hits="1"/>
                <line number="398" hits="1"/>
              </lines>
            </method>
            <method name="store" signature="Requests\User\StoreRequest $request" line-rate="1" branch-rate="0" complexity="4">
              <lines>
                <line number="410" hits="3"/>
                <line number="412" hits="3"/>
                <line number="414" hits="3"/>
                <line number="416" hits="3"/>
                <line number="418" hits="3"/>
                <line number="420" hits="3"/>
                <line number="422" hits="3"/>
                <line number="423" hits="1"/>
                <line number="424" hits="1"/>
                <line number="425" hits="1"/>
                <line number="428" hits="2"/>
                <line number="430" hits="2"/>
                <line number="431" hits="1"/>
                <line number="434" hits="1"/>
                <line number="435" hits="1"/>
                <line number="436" hits="1"/>
                <line number="437" hits="1"/>
              </lines>
            </method>
            <method name="unlock" signature="User $user, Requests\User\UnlockRequest $request" line-rate="1" branch-rate="0" complexity="4">
              <lines>
                <line number="450" hits="4"/>
                <line number="452" hits="4"/>
                <line number="454" hits="4"/>
                <line number="456" hits="4"/>
                <line number="458" hits="4"/>
                <line number="460" hits="4"/>
                <line number="462" hits="4"/>
                <line number="463" hits="2"/>
                <line number="464" hits="2"/>
                <line number="465" hits="2"/>
                <line number="468" hits="2"/>
                <line number="470" hits="2"/>
                <line number="471" hits="1"/>
                <line number="474" hits="1"/>
                <line number="475" hits="1"/>
                <line number="476" hits="1"/>
                <line number="477" hits="1"/>
              </lines>
            </method>
            <method name="update" signature="User $user, Requests\User\UpdateRequest $request" line-rate="1" branch-rate="0" complexity="4">
              <lines>
                <line number="490" hits="5"/>
                <line number="492" hits="5"/>
                <line number="494" hits="5"/>
                <line number="496" hits="5"/>
                <line number="498" hits="5"/>
                <line number="500" hits="5"/>
                <line number="501" hits="2"/>
                <line number="502" hits="2"/>
                <line number="503" hits="2"/>
                <line number="506" hits="3"/>
                <line number="508" hits="3"/>
                <line number="509" hits="1"/>
                <line number="512" hits="2"/>
                <line number="513" hits="2"/>
                <line number="514" hits="2"/>
                <line number="515" hits="2"/>
              </lines>
            </method>
          </methods>
          <lines>
            <line number="53" hits="3"/>
            <line number="55" hits="3"/>
            <line number="57" hits="3"/>
            <line number="59" hits="3"/>
            <line number="60" hits="1"/>
            <line number="61" hits="1"/>
            <line number="62" hits="1"/>
            <line number="65" hits="2"/>
            <line number="67" hits="2"/>
            <line number="68" hits="2"/>
            <line number="69" hits="2"/>
            <line number="70" hits="2"/>
            <line number="71" hits="2"/>
            <line number="72" hits="2"/>
            <line number="74" hits="2"/>
            <line number="75" hits="2"/>
            <line number="76" hits="2"/>
            <line number="77" hits="2"/>
            <line number="78" hits="2"/>
            <line number="80" hits="2"/>
            <line number="82" hits="2"/>
            <line number="83" hits="1"/>
            <line number="84" hits="1"/>
            <line number="87" hits="2"/>
            <line number="88" hits="2"/>
            <line number="94" hits="2"/>
            <line number="96" hits="2"/>
            <line number="109" hits="3"/>
            <line number="111" hits="3"/>
            <line number="113" hits="3"/>
            <line number="114" hits="1"/>
            <line number="115" hits="1"/>
            <line number="116" hits="1"/>
            <line number="119" hits="2"/>
            <line number="121" hits="2"/>
            <line number="123" hits="2"/>
            <line number="124" hits="1"/>
            <line number="127" hits="2"/>
            <line number="128" hits="2"/>
            <line number="129" hits="2"/>
            <line number="130" hits="2"/>
            <line number="131" hits="2"/>
            <line number="132" hits="2"/>
            <line number="134" hits="2"/>
            <line number="135" hits="2"/>
            <line number="136" hits="2"/>
            <line number="137" hits="2"/>
            <line number="138" hits="2"/>
            <line number="140" hits="2"/>
            <line number="141" hits="1"/>
            <line number="144" hits="2"/>
            <line number="149" hits="2"/>
            <line number="151" hits="2"/>
            <line number="164" hits="7"/>
            <line number="166" hits="7"/>
            <line number="168" hits="7"/>
            <line number="170" hits="7"/>
            <line number="171" hits="7"/>
            <line number="174" hits="7"/>
            <line number="175" hits="5"/>
            <line number="177" hits="2"/>
            <line number="180" hits="7"/>
            <line number="181" hits="4"/>
            <line number="184" hits="3"/>
            <line number="186" hits="3"/>
            <line number="187" hits="1"/>
            <line number="190" hits="2"/>
            <line number="203" hits="4"/>
            <line number="205" hits="4"/>
            <line number="207" hits="4"/>
            <line number="209" hits="4"/>
            <line number="210" hits="4"/>
            <line number="213" hits="4"/>
            <line number="215" hits="4"/>
            <line number="217" hits="4"/>
            <line number="218" hits="2"/>
            <line number="219" hits="2"/>
            <line number="220" hits="2"/>
            <line number="223" hits="2"/>
            <line number="225" hits="2"/>
            <line number="226" hits="1"/>
            <line number="229" hits="1"/>
            <line number="230" hits="1"/>
            <line number="231" hits="1"/>
            <line number="232" hits="1"/>
            <line number="244" hits="4"/>
            <line number="255" hits="4"/>
            <line number="257" hits="4"/>
            <line number="259" hits="4"/>
            <line number="261" hits="4"/>
            <line number="263" hits="2"/>
            <line number="265" hits="2"/>
            <line number="266" hits="2"/>
            <line number="267" hits="2"/>
            <line number="268" hits="2"/>
            <line number="270" hits="2"/>
            <line number="271" hits="2"/>
            <line number="272" hits="2"/>
            <line number="273" hits="2"/>
            <line number="275" hits="2"/>
            <line number="276" hits="2"/>
            <line number="277" hits="2"/>
            <line number="278" hits="2"/>
            <line number="280" hits="2"/>
            <line number="281" hits="2"/>
            <line number="282" hits="2"/>
            <line number="283" hits="2"/>
            <line number="286" hits="4"/>
            <line number="287" hits="4"/>
            <line number="289" hits="4"/>
            <line number="291" hits="4"/>
            <line number="292" hits="2"/>
            <line number="295" hits="2"/>
            <line number="297" hits="2"/>
            <line number="298" hits="2"/>
            <line number="299" hits="2"/>
            <line number="300" hits="2"/>
            <line number="301" hits="2"/>
            <line number="302" hits="2"/>
            <line number="303" hits="2"/>
            <line number="304" hits="2"/>
            <line number="305" hits="2"/>
            <line number="306" hits="2"/>
            <line number="307" hits="2"/>
            <line number="308" hits="2"/>
            <line number="310" hits="2"/>
            <line number="311" hits="2"/>
            <line number="312" hits="2"/>
            <line number="313" hits="2"/>
            <line number="318" hits="2"/>
            <line number="320" hits="2"/>
            <line number="333" hits="4"/>
            <line number="335" hits="4"/>
            <line number="337" hits="4"/>
            <line number="339" hits="4"/>
            <line number="341" hits="4"/>
            <line number="343" hits="4"/>
            <line number="344" hits="2"/>
            <line number="345" hits="2"/>
            <line number="346" hits="2"/>
            <line number="349" hits="2"/>
            <line number="351" hits="2"/>
            <line number="352" hits="1"/>
            <line number="355" hits="1"/>
            <line number="356" hits="1"/>
            <line number="357" hits="1"/>
            <line number="358" hits="1"/>
            <line number="371" hits="2"/>
            <line number="373" hits="2"/>
            <line number="374" hits="1"/>
            <line number="375" hits="1"/>
            <line number="376" hits="1"/>
            <line number="379" hits="1"/>
            <line number="381" hits="1"/>
            <line number="382" hits="1"/>
            <line number="383" hits="1"/>
            <line number="384" hits="1"/>
            <line number="385" hits="1"/>
            <line number="386" hits="1"/>
            <line number="388" hits="1"/>
            <line number="389" hits="1"/>
            <line number="390" hits="1"/>
            <line number="391" hits="1"/>
            <line number="396" hits="1"/>
            <line number="398" hits="1"/>
            <line number="410" hits="3"/>
            <line number="412" hits="3"/>
            <line number="414" hits="3"/>
            <line number="416" hits="3"/>
            <line number="418" hits="3"/>
            <line number="420" hits="3"/>
            <line number="422" hits="3"/>
            <line number="423" hits="1"/>
            <line number="424" hits="1"/>
            <line number="425" hits="1"/>
            <line number="428" hits="2"/>
            <line number="430" hits="2"/>
            <line number="431" hits="1"/>
            <line number="434" hits="1"/>
            <line number="435" hits="1"/>
            <line number="436" hits="1"/>
            <line number="437" hits="1"/>
            <line number="450" hits="4"/>
            <line number="452" hits="4"/>
            <line number="454" hits="4"/>
            <line number="456" hits="4"/>
            <line number="458" hits="4"/>
            <line number="460" hits="4"/>
            <line number="462" hits="4"/>
            <line number="463" hits="2"/>
            <line number="464" hits="2"/>
            <line number="465" hits="2"/>
            <line number="468" hits="2"/>
            <line number="470" hits="2"/>
            <line number="471" hits="1"/>
            <line number="474" hits="1"/>
            <line number="475" hits="1"/>
            <line number="476" hits="1"/>
            <line number="477" hits="1"/>
            <line number="490" hits="5"/>
            <line number="492" hits="5"/>
            <line number="494" hits="5"/>
            <line number="496" hits="5"/>
            <line number="498" hits="5"/>
            <line number="500" hits="5"/>
            <line number="501" hits="2"/>
            <line number="502" hits="2"/>
            <line number="503" hits="2"/>
            <line number="506" hits="3"/>
            <line number="508" hits="3"/>
            <line number="509" hits="1"/>
            <line number="512" hits="2"/>
            <line number="513" hits="2"/>
            <line number="514" hits="2"/>
            <line number="515" hits="2"/>
          </lines>
        </class>
      </classes>
    </package>
    <package name="Http/Requests/FormRequest.php" line-rate="1" branch-rate="0" complexity="7">
      <classes>
        <class name="Playground\Admin\Resource\Http\Requests\FormRequest" filename="Http/Requests/FormRequest.php" line-rate="1" branch-rate="0" complexity="7">
          <methods>
            <method name="authorize" signature="" line-rate="1" branch-rate="0" complexity="3">
              <lines>
                <line number="29" hits="64"/>
                <line number="31" hits="64"/>
                <line number="32" hits="1"/>
                <line number="35" hits="63"/>
              </lines>
            </method>
            <method name="rules" signature="" line-rate="1" branch-rate="0" complexity="1">
              <lines>
                <line number="45" hits="53"/>
              </lines>
            </method>
            <method name="userHasAdminPrivileges" signature="?Authenticatable $user" line-rate="1" branch-rate="0" complexity="3">
              <lines>
                <line number="50" hits="17"/>
                <line number="51" hits="17"/>
                <line number="52" hits="16"/>
                <line number="53" hits="15"/>
                <line number="56" hits="1"/>
                <line number="60" hits="17"/>
              </lines>
            </method>
          </methods>
          <lines>
            <line number="29" hits="64"/>
            <line number="31" hits="64"/>
            <line number="32" hits="1"/>
            <line number="35" hits="63"/>
            <line number="45" hits="53"/>
            <line number="50" hits="17"/>
            <line number="51" hits="17"/>
            <line number="52" hits="16"/>
            <line number="53" hits="15"/>
            <line number="56" hits="1"/>
            <line number="60" hits="17"/>
          </lines>
        </class>
      </classes>
    </package>
    <package name="Http/Requests/Setting/CreateRequest.php" line-rate="0" branch-rate="0" complexity="0">
      <classes>
        <class name="Playground\Admin\Resource\Http\Requests\Setting\CreateRequest" filename="Http/Requests/Setting/CreateRequest.php" line-rate="0" branch-rate="0" complexity="0">
          <methods/>
          <lines/>
        </class>
      </classes>
    </package>
    <package name="Http/Requests/Setting/DestroyRequest.php" line-rate="1" branch-rate="0" complexity="2">
      <classes>
        <class name="Playground\Admin\Resource\Http\Requests\Setting\DestroyRequest" filename="Http/Requests/Setting/DestroyRequest.php" line-rate="1" branch-rate="0" complexity="2">
          <methods>
            <method name="rules" signature="" line-rate="1" branch-rate="0" complexity="2">
              <lines>
                <line number="31" hits="7"/>
                <line number="33" hits="7"/>
                <line number="35" hits="7"/>
                <line number="36" hits="7"/>
                <line number="39" hits="7"/>
              </lines>
            </method>
          </methods>
          <lines>
            <line number="31" hits="7"/>
            <line number="33" hits="7"/>
            <line number="35" hits="7"/>
            <line number="36" hits="7"/>
            <line number="39" hits="7"/>
          </lines>
        </class>
      </classes>
    </package>
    <package name="Http/Requests/Setting/EditRequest.php" line-rate="0" branch-rate="0" complexity="0">
      <classes>
        <class name="Playground\Admin\Resource\Http\Requests\Setting\EditRequest" filename="Http/Requests/Setting/EditRequest.php" line-rate="0" branch-rate="0" complexity="0">
          <methods/>
          <lines/>
        </class>
      </classes>
    </package>
    <package name="Http/Requests/Setting/IndexRequest.php" line-rate="0" branch-rate="0" complexity="0">
      <classes>
        <class name="Playground\Admin\Resource\Http\Requests\Setting\IndexRequest" filename="Http/Requests/Setting/IndexRequest.php" line-rate="0" branch-rate="0" complexity="0">
          <methods/>
          <lines/>
        </class>
      </classes>
    </package>
    <package name="Http/Requests/Setting/LockRequest.php" line-rate="0" branch-rate="0" complexity="0">
      <classes>
        <class name="Playground\Admin\Resource\Http\Requests\Setting\LockRequest" filename="Http/Requests/Setting/LockRequest.php" line-rate="0" branch-rate="0" complexity="0">
          <methods/>
          <lines/>
        </class>
      </classes>
    </package>
    <package name="Http/Requests/Setting/RestoreRequest.php" line-rate="0" branch-rate="0" complexity="0">
      <classes>
        <class name="Playground\Admin\Resource\Http\Requests\Setting\RestoreRequest" filename="Http/Requests/Setting/RestoreRequest.php" line-rate="0" branch-rate="0" complexity="0">
          <methods/>
          <lines/>
        </class>
      </classes>
    </package>
    <package name="Http/Requests/Setting/ShowRequest.php" line-rate="0" branch-rate="0" complexity="0">
      <classes>
        <class name="Playground\Admin\Resource\Http\Requests\Setting\ShowRequest" filename="Http/Requests/Setting/ShowRequest.php" line-rate="0" branch-rate="0" complexity="0">
          <methods/>
          <lines/>
        </class>
      </classes>
    </package>
    <package name="Http/Requests/Setting/StoreRequest.php" line-rate="1" branch-rate="0" complexity="2">
      <classes>
        <class name="Playground\Admin\Resource\Http\Requests\Setting\StoreRequest" filename="Http/Requests/Setting/StoreRequest.php" line-rate="1" branch-rate="0" complexity="2">
          <methods>
            <method name="prepareForValidation" signature="" line-rate="1" branch-rate="0" complexity="2">
              <lines>
                <line number="95" hits="5"/>
                <line number="97" hits="5"/>
                <line number="99" hits="5"/>
                <line number="100" hits="5"/>
                <line number="101" hits="5"/>
                <line number="102" hits="5"/>
                <line number="104" hits="5"/>
                <line number="105" hits="3"/>
              </lines>
            </method>
          </methods>
          <lines>
            <line number="95" hits="5"/>
            <line number="97" hits="5"/>
            <line number="99" hits="5"/>
            <line number="100" hits="5"/>
            <line number="101" hits="5"/>
            <line number="102" hits="5"/>
            <line number="104" hits="5"/>
            <line number="105" hits="3"/>
          </lines>
        </class>
      </classes>
    </package>
    <package name="Http/Requests/Setting/UnlockRequest.php" line-rate="0" branch-rate="0" complexity="0">
      <classes>
        <class name="Playground\Admin\Resource\Http\Requests\Setting\UnlockRequest" filename="Http/Requests/Setting/UnlockRequest.php" line-rate="0" branch-rate="0" complexity="0">
          <methods/>
          <lines/>
        </class>
      </classes>
    </package>
    <package name="Http/Requests/Setting/UpdateRequest.php" line-rate="1" branch-rate="0" complexity="2">
      <classes>
        <class name="Playground\Admin\Resource\Http\Requests\Setting\UpdateRequest" filename="Http/Requests/Setting/UpdateRequest.php" line-rate="1" branch-rate="0" complexity="2">
          <methods>
            <method name="prepareForValidation" signature="" line-rate="1" branch-rate="0" complexity="2">
              <lines>
                <line number="96" hits="5"/>
                <line number="98" hits="5"/>
                <line number="100" hits="5"/>
                <line number="101" hits="5"/>
                <line number="102" hits="5"/>
                <line number="103" hits="5"/>
                <line number="105" hits="5"/>
                <line number="106" hits="3"/>
              </lines>
            </method>
          </methods>
          <lines>
            <line number="96" hits="5"/>
            <line number="98" hits="5"/>
            <line number="100" hits="5"/>
            <line number="101" hits="5"/>
            <line number="102" hits="5"/>
            <line number="103" hits="5"/>
            <line number="105" hits="5"/>
            <line number="106" hits="3"/>
          </lines>
        </class>
      </classes>
    </package>
    <package name="Http/Requests/User/CreateRequest.php" line-rate="1" branch-rate="0" complexity="2">
      <classes>
        <class name="Playground\Admin\Resource\Http\Requests\User\CreateRequest" filename="Http/Requests/User/CreateRequest.php" line-rate="1" branch-rate="0" complexity="2">
          <methods>
            <method name="rules" signature="" line-rate="1" branch-rate="0" complexity="2">
              <lines>
                <line number="82" hits="7"/>
                <line number="83" hits="6"/>
                <line number="85" hits="1"/>
                <line number="88" hits="7"/>
              </lines>
            </method>
          </methods>
          <lines>
            <line number="82" hits="7"/>
            <line number="83" hits="6"/>
            <line number="85" hits="1"/>
            <line number="88" hits="7"/>
          </lines>
        </class>
      </classes>
    </package>
    <package name="Http/Requests/User/DestroyRequest.php" line-rate="1" branch-rate="0" complexity="2">
      <classes>
        <class name="Playground\Admin\Resource\Http\Requests\User\DestroyRequest" filename="Http/Requests/User/DestroyRequest.php" line-rate="1" branch-rate="0" complexity="2">
          <methods>
            <method name="rules" signature="" line-rate="1" branch-rate="0" complexity="2">
              <lines>
                <line number="31" hits="7"/>
                <line number="33" hits="7"/>
                <line number="35" hits="7"/>
                <line number="36" hits="7"/>
                <line number="39" hits="7"/>
              </lines>
            </method>
          </methods>
          <lines>
            <line number="31" hits="7"/>
            <line number="33" hits="7"/>
            <line number="35" hits="7"/>
            <line number="36" hits="7"/>
            <line number="39" hits="7"/>
          </lines>
        </class>
      </classes>
    </package>
    <package name="Http/Requests/User/EditRequest.php" line-rate="1" branch-rate="0" complexity="2">
      <classes>
        <class name="Playground\Admin\Resource\Http\Requests\User\EditRequest" filename="Http/Requests/User/EditRequest.php" line-rate="1" branch-rate="0" complexity="2">
          <methods>
            <method name="rules" signature="" line-rate="1" branch-rate="0" complexity="2">
              <lines>
                <line number="82" hits="7"/>
                <line number="83" hits="6"/>
                <line number="85" hits="1"/>
                <line number="88" hits="7"/>
              </lines>
            </method>
          </methods>
          <lines>
            <line number="82" hits="7"/>
            <line number="83" hits="6"/>
            <line number="85" hits="1"/>
            <line number="88" hits="7"/>
          </lines>
        </class>
      </classes>
    </package>
    <package name="Http/Requests/User/IndexRequest.php" line-rate="0" branch-rate="0" complexity="0">
      <classes>
        <class name="Playground\Admin\Resource\Http\Requests\User\IndexRequest" filename="Http/Requests/User/IndexRequest.php" line-rate="0" branch-rate="0" complexity="0">
          <methods/>
          <lines/>
        </class>
      </classes>
    </package>
    <package name="Http/Requests/User/LockRequest.php" line-rate="0" branch-rate="0" complexity="0">
      <classes>
        <class name="Playground\Admin\Resource\Http\Requests\User\LockRequest" filename="Http/Requests/User/LockRequest.php" line-rate="0" branch-rate="0" complexity="0">
          <methods/>
          <lines/>
        </class>
      </classes>
    </package>
    <package name="Http/Requests/User/RestoreRequest.php" line-rate="0" branch-rate="0" complexity="0">
      <classes>
        <class name="Playground\Admin\Resource\Http\Requests\User\RestoreRequest" filename="Http/Requests/User/RestoreRequest.php" line-rate="0" branch-rate="0" complexity="0">
          <methods/>
          <lines/>
        </class>
      </classes>
    </package>
    <package name="Http/Requests/User/ShowRequest.php" line-rate="0" branch-rate="0" complexity="0">
      <classes>
        <class name="Playground\Admin\Resource\Http\Requests\User\ShowRequest" filename="Http/Requests/User/ShowRequest.php" line-rate="0" branch-rate="0" complexity="0">
          <methods/>
          <lines/>
        </class>
      </classes>
    </package>
    <package name="Http/Requests/User/StoreRequest.php" line-rate="1" branch-rate="0" complexity="7">
      <classes>
        <class name="Playground\Admin\Resource\Http\Requests\User\StoreRequest" filename="Http/Requests/User/StoreRequest.php" line-rate="1" branch-rate="0" complexity="7">
          <methods>
            <method name="prepareForValidation" signature="" line-rate="1" branch-rate="0" complexity="5">
              <lines>
                <line number="90" hits="8"/>
                <line number="92" hits="8"/>
                <line number="93" hits="1"/>
                <line number="96" hits="7"/>
                <line number="98" hits="7"/>
                <line number="99" hits="7"/>
                <line number="100" hits="7"/>
                <line number="101" hits="7"/>
                <line number="103" hits="7"/>
                <line number="104" hits="4"/>
                <line number="107" hits="7"/>
                <line number="108" hits="4"/>
                <line number="111" hits="7"/>
                <line number="112" hits="4"/>
              </lines>
            </method>
            <method name="rules" signature="" line-rate="1" branch-rate="0" complexity="2">
              <lines>
                <line number="123" hits="7"/>
                <line number="124" hits="6"/>
                <line number="126" hits="1"/>
                <line number="129" hits="7"/>
              </lines>
            </method>
          </methods>
          <lines>
            <line number="90" hits="8"/>
            <line number="92" hits="8"/>
            <line number="93" hits="1"/>
            <line number="96" hits="7"/>
            <line number="98" hits="7"/>
            <line number="99" hits="7"/>
            <line number="100" hits="7"/>
            <line number="101" hits="7"/>
            <line number="103" hits="7"/>
            <line number="104" hits="4"/>
            <line number="107" hits="7"/>
            <line number="108" hits="4"/>
            <line number="111" hits="7"/>
            <line number="112" hits="4"/>
            <line number="123" hits="7"/>
            <line number="124" hits="6"/>
            <line number="126" hits="1"/>
            <line number="129" hits="7"/>
          </lines>
        </class>
      </classes>
    </package>
    <package name="Http/Requests/User/UnlockRequest.php" line-rate="0" branch-rate="0" complexity="0">
      <classes>
        <class name="Playground\Admin\Resource\Http\Requests\User\UnlockRequest" filename="Http/Requests/User/UnlockRequest.php" line-rate="0" branch-rate="0" complexity="0">
          <methods/>
          <lines/>
        </class>
      </classes>
    </package>
    <package name="Http/Requests/User/UpdateRequest.php" line-rate="1" branch-rate="0" complexity="7">
      <classes>
        <class name="Playground\Admin\Resource\Http\Requests\User\UpdateRequest" filename="Http/Requests/User/UpdateRequest.php" line-rate="1" branch-rate="0" complexity="7">
          <methods>
            <method name="prepareForValidation" signature="" line-rate="1" branch-rate="0" complexity="5">
              <lines>
                <line number="90" hits="8"/>
                <line number="92" hits="8"/>
                <line number="93" hits="1"/>
                <line number="96" hits="7"/>
                <line number="98" hits="7"/>
                <line number="99" hits="7"/>
                <line number="100" hits="7"/>
                <line number="101" hits="7"/>
                <line number="103" hits="7"/>
                <line number="104" hits="4"/>
                <line number="107" hits="7"/>
                <line number="108" hits="4"/>
                <line number="111" hits="7"/>
                <line number="112" hits="4"/>
              </lines>
            </method>
            <method name="rules" signature="" line-rate="1" branch-rate="0" complexity="2">
              <lines>
                <line number="123" hits="7"/>
                <line number="124" hits="6"/>
                <line number="126" hits="1"/>
                <line number="129" hits="7"/>
              </lines>
            </method>
          </methods>
          <lines>
            <line number="90" hits="8"/>
            <line number="92" hits="8"/>
            <line number="93" hits="1"/>
            <line number="96" hits="7"/>
            <line number="98" hits="7"/>
            <line number="99" hits="7"/>
            <line number="100" hits="7"/>
            <line number="101" hits="7"/>
            <line number="103" hits="7"/>
            <line number="104" hits="4"/>
            <line number="107" hits="7"/>
            <line number="108" hits="4"/>
            <line number="111" hits="7"/>
            <line number="112" hits="4"/>
            <line number="123" hits="7"/>
            <line number="124" hits="6"/>
            <line number="126" hits="1"/>
            <line number="129" hits="7"/>
          </lines>
        </class>
      </classes>
    </package>
    <package name="Http/Resources/Setting.php" line-rate="1" branch-rate="0" complexity="1">
      <classes>
        <class name="Playground\Admin\Resource\Http\Resources\Setting" filename="Http/Resources/Setting.php" line-rate="1" branch-rate="0" complexity="1">
          <methods>
            <method name="with" signature="Request $request" line-rate="1" branch-rate="0" complexity="1">
              <lines>
                <line number="33" hits="12"/>
                <line number="35" hits="12"/>
                <line number="36" hits="12"/>
                <line number="37" hits="12"/>
                <line number="38" hits="12"/>
                <line number="39" hits="12"/>
                <line number="40" hits="12"/>
                <line number="41" hits="12"/>
                <line number="42" hits="12"/>
                <line number="43" hits="12"/>
              </lines>
            </method>
          </methods>
          <lines>
            <line number="33" hits="12"/>
            <line number="35" hits="12"/>
            <line number="36" hits="12"/>
            <line number="37" hits="12"/>
            <line number="38" hits="12"/>
            <line number="39" hits="12"/>
            <line number="40" hits="12"/>
            <line number="41" hits="12"/>
            <line number="42" hits="12"/>
            <line number="43" hits="12"/>
          </lines>
        </class>
      </classes>
    </package>
    <package name="Http/Resources/SettingCollection.php" line-rate="1" branch-rate="0" complexity="1">
      <classes>
        <class name="Playground\Admin\Resource\Http\Resources\SettingCollection" filename="Http/Resources/SettingCollection.php" line-rate="1" branch-rate="0" complexity="1">
          <methods>
            <method name="with" signature="Request $request" line-rate="1" branch-rate="0" complexity="1">
              <lines>
                <line number="29" hits="2"/>
                <line number="30" hits="2"/>
                <line number="31" hits="2"/>
                <line number="32" hits="2"/>
                <line number="33" hits="2"/>
                <line number="34" hits="2"/>
                <line number="35" hits="2"/>
                <line number="36" hits="2"/>
                <line number="37" hits="2"/>
                <line number="38" hits="2"/>
                <line number="39" hits="2"/>
                <line number="40" hits="2"/>
                <line number="41" hits="2"/>
              </lines>
            </method>
          </methods>
          <lines>
            <line number="29" hits="2"/>
            <line number="30" hits="2"/>
            <line number="31" hits="2"/>
            <line number="32" hits="2"/>
            <line number="33" hits="2"/>
            <line number="34" hits="2"/>
            <line number="35" hits="2"/>
            <line number="36" hits="2"/>
            <line number="37" hits="2"/>
            <line number="38" hits="2"/>
            <line number="39" hits="2"/>
            <line number="40" hits="2"/>
            <line number="41" hits="2"/>
          </lines>
        </class>
      </classes>
    </package>
    <package name="Http/Resources/User.php" line-rate="1" branch-rate="0" complexity="1">
      <classes>
        <class name="Playground\Admin\Resource\Http\Resources\User" filename="Http/Resources/User.php" line-rate="1" branch-rate="0" complexity="1">
          <methods>
            <method name="with" signature="Request $request" line-rate="1" branch-rate="0" complexity="1">
              <lines>
                <line number="32" hits="12"/>
                <line number="34" hits="12"/>
                <line number="35" hits="12"/>
                <line number="36" hits="12"/>
                <line number="37" hits="12"/>
                <line number="38" hits="12"/>
                <line number="39" hits="12"/>
                <line number="40" hits="12"/>
                <line number="41" hits="12"/>
                <line number="42" hits="12"/>
              </lines>
            </method>
          </methods>
          <lines>
            <line number="32" hits="12"/>
            <line number="34" hits="12"/>
            <line number="35" hits="12"/>
            <line number="36" hits="12"/>
            <line number="37" hits="12"/>
            <line number="38" hits="12"/>
            <line number="39" hits="12"/>
            <line number="40" hits="12"/>
            <line number="41" hits="12"/>
            <line number="42" hits="12"/>
          </lines>
        </class>
      </classes>
    </package>
    <package name="Http/Resources/UserCollection.php" line-rate="1" branch-rate="0" complexity="1">
      <classes>
        <class name="Playground\Admin\Resource\Http\Resources\UserCollection" filename="Http/Resources/UserCollection.php" line-rate="1" branch-rate="0" complexity="1">
          <methods>
            <method name="with" signature="Request $request" line-rate="1" branch-rate="0" complexity="1">
              <lines>
                <line number="29" hits="2"/>
                <line number="30" hits="2"/>
                <line number="31" hits="2"/>
                <line number="32" hits="2"/>
                <line number="33" hits="2"/>
                <line number="34" hits="2"/>
                <line number="35" hits="2"/>
                <line number="36" hits="2"/>
                <line number="37" hits="2"/>
                <line number="38" hits="2"/>
                <line number="39" hits="2"/>
                <line number="40" hits="2"/>
                <line number="41" hits="2"/>
              </lines>
            </method>
          </methods>
          <lines>
            <line number="29" hits="2"/>
            <line number="30" hits="2"/>
            <line number="31" hits="2"/>
            <line number="32" hits="2"/>
            <line number="33" hits="2"/>
            <line number="34" hits="2"/>
            <line number="35" hits="2"/>
            <line number="36" hits="2"/>
            <line number="37" hits="2"/>
            <line number="38" hits="2"/>
            <line number="39" hits="2"/>
            <line number="40" hits="2"/>
            <line number="41" hits="2"/>
          </lines>
        </class>
      </classes>
    </package>
    <package name="Policies/SettingPolicy.php" line-rate="0" branch-rate="0" complexity="0">
      <classes>
        <class name="Playground\Admin\Resource\Policies\SettingPolicy" filename="Policies/SettingPolicy.php" line-rate="0" branch-rate="0" complexity="0">
          <methods/>
          <lines/>
        </class>
      </classes>
    </package>
    <package name="Policies/UserPolicy.php" line-rate="0" branch-rate="0" complexity="0">
      <classes>
        <class name="Playground\Admin\Resource\Policies\UserPolicy" filename="Policies/UserPolicy.php" line-rate="0" branch-rate="0" complexity="0">
          <methods/>
          <lines/>
        </class>
      </classes>
    </package>
    <package name="ServiceProvider.php" line-rate="1" branch-rate="0" complexity="52">
      <classes>
        <class name="Playground\Admin\Resource\ServiceProvider" filename="ServiceProvider.php" line-rate="1" branch-rate="0" complexity="52">
          <methods>
            <method name="boot" signature="" line-rate="1" branch-rate="0" complexity="13">
              <lines>
                <line number="71" hits="179"/>
                <line number="73" hits="179"/>
                <line number="75" hits="179"/>
                <line number="76" hits="179"/>
                <line number="77" hits="179"/>
                <line number="78" hits="179"/>
                <line number="79" hits="179"/>
                <line number="82" hits="179"/>
                <line number="83" hits="179"/>
                <line number="84" hits="179"/>
                <line number="86" hits="179"/>
                <line number="87" hits="179"/>
                <line number="90" hits="179"/>
                <line number="91" hits="179"/>
                <line number="92" hits="179"/>
                <line number="94" hits="179"/>
                <line number="97" hits="179"/>
                <line number="98" hits="179"/>
                <line number="99" hits="179"/>
                <line number="100" hits="179"/>
                <line number="101" hits="179"/>
                <line number="104" hits="179"/>
                <line number="106" hits="179"/>
                <line number="107" hits="179"/>
                <line number="108" hits="179"/>
                <line number="111" hits="179"/>
                <line number="112" hits="179"/>
                <line number="113" hits="179"/>
                <line number="117" hits="179"/>
                <line number="118" hits="179"/>
              </lines>
            </method>
            <method name="register" signature="" line-rate="1" branch-rate="0" complexity="1">
              <lines>
                <line number="127" hits="179"/>
                <line number="128" hits="179"/>
                <line number="129" hits="179"/>
                <line number="130" hits="179"/>
              </lines>
            </method>
            <method name="setPolicies" signature="array $policies" line-rate="1" branch-rate="0" complexity="8">
              <lines>
                <line number="140" hits="179"/>
                <line number="141" hits="179"/>
                <line number="142" hits="1"/>
                <line number="143" hits="1"/>
                <line number="144" hits="1"/>
                <line number="145" hits="1"/>
                <line number="146" hits="1"/>
                <line number="147" hits="1"/>
                <line number="149" hits="1"/>
                <line number="151" hits="179"/>
                <line number="152" hits="1"/>
                <line number="153" hits="1"/>
                <line number="154" hits="1"/>
                <line number="155" hits="1"/>
                <line number="156" hits="1"/>
                <line number="157" hits="1"/>
                <line number="159" hits="1"/>
                <line number="161" hits="179"/>
              </lines>
            </method>
            <method name="routes" signature="array $config" line-rate="1" branch-rate="0" complexity="4">
              <lines>
                <line number="170" hits="179"/>
                <line number="171" hits="179"/>
                <line number="173" hits="179"/>
                <line number="174" hits="179"/>
                <line number="176" hits="179"/>
                <line number="177" hits="179"/>
              </lines>
            </method>
            <method name="about" signature="" line-rate="1" branch-rate="0" complexity="26">
              <lines>
                <line number="183" hits="179"/>
                <line number="184" hits="179"/>
                <line number="186" hits="179"/>
                <line number="188" hits="179"/>
                <line number="190" hits="179"/>
                <line number="192" hits="179"/>
                <line number="194" hits="179"/>
                <line number="195" hits="179"/>
                <line number="196" hits="179"/>
                <line number="197" hits="179"/>
                <line number="199" hits="179"/>
                <line number="200" hits="179"/>
                <line number="201" hits="179"/>
                <line number="203" hits="179"/>
                <line number="205" hits="179"/>
                <line number="206" hits="179"/>
                <line number="207" hits="179"/>
                <line number="208" hits="179"/>
                <line number="210" hits="179"/>
                <line number="211" hits="179"/>
                <line number="212" hits="179"/>
                <line number="214" hits="179"/>
                <line number="215" hits="179"/>
                <line number="216" hits="179"/>
              </lines>
            </method>
          </methods>
          <lines>
            <line number="71" hits="179"/>
            <line number="73" hits="179"/>
            <line number="75" hits="179"/>
            <line number="76" hits="179"/>
            <line number="77" hits="179"/>
            <line number="78" hits="179"/>
            <line number="79" hits="179"/>
            <line number="82" hits="179"/>
            <line number="83" hits="179"/>
            <line number="84" hits="179"/>
            <line number="86" hits="179"/>
            <line number="87" hits="179"/>
            <line number="90" hits="179"/>
            <line number="91" hits="179"/>
            <line number="92" hits="179"/>
            <line number="94" hits="179"/>
            <line number="97" hits="179"/>
            <line number="98" hits="179"/>
            <line number="99" hits="179"/>
            <line number="100" hits="179"/>
            <line number="101" hits="179"/>
            <line number="104" hits="179"/>
            <line number="106" hits="179"/>
            <line number="107" hits="179"/>
            <line number="108" hits="179"/>
            <line number="111" hits="179"/>
            <line number="112" hits="179"/>
            <line number="113" hits="179"/>
            <line number="117" hits="179"/>
            <line number="118" hits="179"/>
            <line number="127" hits="179"/>
            <line number="128" hits="179"/>
            <line number="129" hits="179"/>
            <line number="130" hits="179"/>
            <line number="140" hits="179"/>
            <line number="141" hits="179"/>
            <line number="142" hits="1"/>
            <line number="143" hits="1"/>
            <line number="144" hits="1"/>
            <line number="145" hits="1"/>
            <line number="146" hits="1"/>
            <line number="147" hits="1"/>
            <line number="149" hits="1"/>
            <line number="151" hits="179"/>
            <line number="152" hits="1"/>
            <line number="153" hits="1"/>
            <line number="154" hits="1"/>
            <line number="155" hits="1"/>
            <line number="156" hits="1"/>
            <line number="157" hits="1"/>
            <line number="159" hits="1"/>
            <line number="161" hits="179"/>
            <line number="170" hits="179"/>
            <line number="171" hits="179"/>
            <line number="173" hits="179"/>
            <line number="174" hits="179"/>
            <line number="176" hits="179"/>
            <line number="177" hits="179"/>
            <line number="183" hits="179"/>
            <line number="184" hits="179"/>
            <line number="186" hits="179"/>
            <line number="188" hits="179"/>
            <line number="190" hits="179"/>
            <line number="192" hits="179"/>
            <line number="194" hits="179"/>
            <line number="195" hits="179"/>
            <line number="196" hits="179"/>
            <line number="197" hits="179"/>
            <line number="199" hits="179"/>
            <line number="200" hits="179"/>
            <line number="201" hits="179"/>
            <line number="203" hits="179"/>
            <line number="205" hits="179"/>
            <line number="206" hits="179"/>
            <line number="207" hits="179"/>
            <line number="208" hits="179"/>
            <line number="210" hits="179"/>
            <line number="211" hits="179"/>
            <line number="212" hits="179"/>
            <line number="214" hits="179"/>
            <line number="215" hits="179"/>
            <line number="216" hits="179"/>
          </lines>
        </class>
      </classes>
    </package>
  </packages>
</coverage>
