<?xml version="1.0" encoding="UTF-8"?>
<!DOCTYPE coverage SYSTEM "http://cobertura.sourceforge.net/xml/coverage-04.dtd">
<coverage line-rate="1" branch-rate="0" lines-covered="626" lines-valid="626" branches-covered="0" branches-valid="0" complexity="198" version="0.4" timestamp="1755367514">
  <sources>
    <source>/app/src</source>
  </sources>
  <packages>
    <package name="Http/Controllers/Concerns/UserProvider.php" line-rate="1" branch-rate="0" complexity="10">
      <classes>
        <class name="Playground\Admin\Resource\Http\Controllers\Concerns\UserProvider" filename="Http/Controllers/Concerns/UserProvider.php" line-rate="1" branch-rate="0" complexity="10">
          <methods>
            <method name="getUserClass" signature="" line-rate="1" branch-rate="0" complexity="5">
              <lines>
                <line number="29" hits="40"/>
                <line number="31" hits="40"/>
                <line number="32" hits="1"/>
                <line number="33" hits="1"/>
                <line number="34" hits="1"/>
                <line number="37" hits="39"/>
              </lines>
            </method>
            <method name="getUserInstance" signature="array $data" line-rate="1" branch-rate="0" complexity="2">
              <lines>
                <line number="46" hits="10"/>
                <line number="48" hits="10"/>
                <line number="50" hits="10"/>
                <line number="51" hits="10"/>
                <line number="54" hits="10"/>
              </lines>
            </method>
            <method name="findUserOrFail" signature="string|int $id, bool $withTrash" line-rate="1" branch-rate="0" complexity="3">
              <lines>
                <line number="61" hits="29"/>
                <line number="63" hits="29"/>
                <line number="64" hits="11"/>
                <line number="67" hits="18"/>
              </lines>
            </method>
          </methods>
          <lines>
            <line number="29" hits="40"/>
            <line number="31" hits="40"/>
            <line number="32" hits="1"/>
            <line number="33" hits="1"/>
            <line number="34" hits="1"/>
            <line number="37" hits="39"/>
            <line number="46" hits="10"/>
            <line number="48" hits="10"/>
            <line number="50" hits="10"/>
            <line number="51" hits="10"/>
            <line number="54" hits="10"/>
            <line number="61" hits="29"/>
            <line number="63" hits="29"/>
            <line number="64" hits="11"/>
            <line number="67" hits="18"/>
          </lines>
        </class>
      </classes>
    </package>
    <package name="Http/Controllers/Controller.php" line-rate="1" branch-rate="0" complexity="6">
      <classes>
        <class name="Playground\Admin\Resource\Http\Controllers\Controller" filename="Http/Controllers/Controller.php" line-rate="1" branch-rate="0" complexity="6">
          <methods>
            <method name="getViewPath" signature="string $controller, string $view" line-rate="1" branch-rate="0" complexity="4">
              <lines>
                <line number="33" hits="4"/>
                <line number="35" hits="4"/>
                <line number="36" hits="4"/>
                <line number="37" hits="4"/>
                <line number="38" hits="4"/>
                <line number="39" hits="4"/>
                <line number="40" hits="4"/>
                <line number="41" hits="4"/>
              </lines>
            </method>
            <method name="setPackageInfoValue" signature="string $key, string $value" line-rate="1" branch-rate="0" complexity="2">
              <lines>
                <line number="48" hits="10"/>
                <line number="49" hits="10"/>
              </lines>
            </method>
          </methods>
          <lines>
            <line number="33" hits="4"/>
            <line number="35" hits="4"/>
            <line number="36" hits="4"/>
            <line number="37" hits="4"/>
            <line number="38" hits="4"/>
            <line number="39" hits="4"/>
            <line number="40" hits="4"/>
            <line number="41" hits="4"/>
            <line number="48" hits="10"/>
            <line number="49" hits="10"/>
          </lines>
        </class>
      </classes>
    </package>
    <package name="Http/Controllers/IndexController.php" line-rate="1" branch-rate="0" complexity="1">
      <classes>
        <class name="Playground\Admin\Resource\Http\Controllers\IndexController" filename="Http/Controllers/IndexController.php" line-rate="1" branch-rate="0" complexity="1">
          <methods>
            <method name="index" signature="" line-rate="1" branch-rate="0" complexity="1">
              <lines>
                <line number="22" hits="1"/>
              </lines>
            </method>
          </methods>
          <lines>
            <line number="22" hits="1"/>
          </lines>
        </class>
      </classes>
    </package>
    <package name="Http/Controllers/SettingController.php" line-rate="1" branch-rate="0" complexity="40">
      <classes>
        <class name="Playground\Admin\Resource\Http\Controllers\SettingController" filename="Http/Controllers/SettingController.php" line-rate="1" branch-rate="0" complexity="40">
          <methods>
            <method name="create" signature="Playground\Admin\Resource\Http\Requests\Setting\CreateRequest $request" line-rate="1" branch-rate="0" complexity="4">
              <lines>
                <line number="62" hits="3"/>
                <line number="64" hits="3"/>
                <line number="66" hits="3"/>
                <line number="68" hits="3"/>
                <line number="69" hits="3"/>
                <line number="70" hits="3"/>
                <line number="71" hits="3"/>
                <line number="72" hits="3"/>
                <line number="73" hits="3"/>
                <line number="74" hits="3"/>
                <line number="76" hits="3"/>
                <line number="77" hits="3"/>
                <line number="79" hits="3"/>
                <line number="80" hits="3"/>
                <line number="81" hits="3"/>
                <line number="82" hits="3"/>
                <line number="83" hits="3"/>
                <line number="85" hits="3"/>
                <line number="86" hits="1"/>
                <line number="89" hits="2"/>
                <line number="91" hits="2"/>
                <line number="92" hits="1"/>
                <line number="93" hits="1"/>
                <line number="96" hits="2"/>
                <line number="97" hits="2"/>
                <line number="100" hits="2"/>
              </lines>
            </method>
            <method name="edit" signature="Playground\Admin\Models\Setting $setting, Playground\Admin\Resource\Http\Requests\Setting\EditRequest $request" line-rate="1" branch-rate="0" complexity="3">
              <lines>
                <line number="112" hits="3"/>
                <line number="114" hits="3"/>
                <line number="116" hits="3"/>
                <line number="117" hits="3"/>
                <line number="118" hits="3"/>
                <line number="119" hits="3"/>
                <line number="120" hits="3"/>
                <line number="121" hits="3"/>
                <line number="122" hits="3"/>
                <line number="124" hits="3"/>
                <line number="125" hits="3"/>
                <line number="127" hits="3"/>
                <line number="128" hits="3"/>
                <line number="129" hits="3"/>
                <line number="130" hits="3"/>
                <line number="131" hits="3"/>
                <line number="133" hits="3"/>
                <line number="134" hits="1"/>
                <line number="137" hits="2"/>
                <line number="139" hits="2"/>
                <line number="140" hits="1"/>
                <line number="141" hits="1"/>
                <line number="144" hits="2"/>
                <line number="146" hits="2"/>
                <line number="147" hits="2"/>
                <line number="148" hits="2"/>
                <line number="149" hits="2"/>
              </lines>
            </method>
            <method name="destroy" signature="Playground\Admin\Models\Setting $setting, Playground\Admin\Resource\Http\Requests\Setting\DestroyRequest $request" line-rate="1" branch-rate="0" complexity="5">
              <lines>
                <line number="161" hits="7"/>
                <line number="163" hits="7"/>
                <line number="164" hits="5"/>
                <line number="166" hits="2"/>
                <line number="169" hits="7"/>
                <line number="170" hits="4"/>
                <line number="173" hits="3"/>
                <line number="175" hits="3"/>
                <line number="176" hits="1"/>
                <line number="179" hits="2"/>
              </lines>
            </method>
            <method name="lock" signature="Playground\Admin\Models\Setting $setting, Playground\Admin\Resource\Http\Requests\Setting\LockRequest $request" line-rate="1" branch-rate="0" complexity="4">
              <lines>
                <line number="191" hits="4"/>
                <line number="193" hits="4"/>
                <line number="195" hits="4"/>
                <line number="197" hits="4"/>
                <line number="199" hits="4"/>
                <line number="200" hits="4"/>
                <line number="201" hits="4"/>
                <line number="202" hits="4"/>
                <line number="203" hits="4"/>
                <line number="204" hits="4"/>
                <line number="207" hits="4"/>
                <line number="208" hits="2"/>
                <line number="211" hits="2"/>
                <line number="213" hits="2"/>
                <line number="214" hits="1"/>
                <line number="217" hits="1"/>
              </lines>
            </method>
            <method name="index" signature="Playground\Admin\Resource\Http\Requests\Setting\IndexRequest $request" line-rate="1" branch-rate="0" complexity="6">
              <lines>
                <line number="228" hits="4"/>
                <line number="230" hits="4"/>
                <line number="232" hits="4"/>
                <line number="234" hits="4"/>
                <line number="236" hits="4"/>
                <line number="237" hits="2"/>
                <line number="239" hits="2"/>
                <line number="240" hits="2"/>
                <line number="241" hits="2"/>
                <line number="242" hits="2"/>
                <line number="244" hits="2"/>
                <line number="245" hits="2"/>
                <line number="246" hits="2"/>
                <line number="247" hits="2"/>
                <line number="249" hits="2"/>
                <line number="250" hits="2"/>
                <line number="251" hits="2"/>
                <line number="252" hits="2"/>
                <line number="254" hits="2"/>
                <line number="255" hits="2"/>
                <line number="256" hits="2"/>
                <line number="257" hits="2"/>
                <line number="260" hits="4"/>
                <line number="261" hits="4"/>
                <line number="263" hits="4"/>
                <line number="265" hits="4"/>
                <line number="266" hits="2"/>
                <line number="269" hits="2"/>
                <line number="270" hits="2"/>
                <line number="271" hits="2"/>
                <line number="272" hits="2"/>
                <line number="273" hits="2"/>
                <line number="274" hits="2"/>
                <line number="275" hits="2"/>
                <line number="276" hits="2"/>
                <line number="277" hits="2"/>
                <line number="278" hits="2"/>
                <line number="279" hits="2"/>
                <line number="280" hits="2"/>
                <line number="282" hits="2"/>
                <line number="283" hits="2"/>
                <line number="284" hits="2"/>
                <line number="285" hits="2"/>
                <line number="287" hits="2"/>
                <line number="288" hits="2"/>
                <line number="289" hits="2"/>
                <line number="290" hits="2"/>
              </lines>
            </method>
            <method name="restore" signature="Playground\Admin\Models\Setting $setting, Playground\Admin\Resource\Http\Requests\Setting\RestoreRequest $request" line-rate="1" branch-rate="0" complexity="4">
              <lines>
                <line number="302" hits="4"/>
                <line number="304" hits="4"/>
                <line number="306" hits="4"/>
                <line number="308" hits="4"/>
                <line number="309" hits="2"/>
                <line number="312" hits="2"/>
                <line number="314" hits="2"/>
                <line number="315" hits="1"/>
                <line number="318" hits="1"/>
              </lines>
            </method>
            <method name="show" signature="Playground\Admin\Models\Setting $setting, Playground\Admin\Resource\Http\Requests\Setting\ShowRequest $request" line-rate="1" branch-rate="0" complexity="2">
              <lines>
                <line number="330" hits="2"/>
                <line number="332" hits="2"/>
                <line number="334" hits="2"/>
                <line number="335" hits="2"/>
                <line number="336" hits="2"/>
                <line number="337" hits="2"/>
                <line number="338" hits="2"/>
                <line number="339" hits="2"/>
                <line number="340" hits="2"/>
                <line number="342" hits="2"/>
                <line number="343" hits="1"/>
                <line number="346" hits="1"/>
                <line number="347" hits="1"/>
                <line number="349" hits="1"/>
                <line number="350" hits="1"/>
                <line number="351" hits="1"/>
                <line number="352" hits="1"/>
                <line number="354" hits="1"/>
                <line number="355" hits="1"/>
                <line number="356" hits="1"/>
                <line number="357" hits="1"/>
              </lines>
            </method>
            <method name="store" signature="Playground\Admin\Resource\Http\Requests\Setting\StoreRequest $request" line-rate="1" branch-rate="0" complexity="4">
              <lines>
                <line number="368" hits="3"/>
                <line number="370" hits="3"/>
                <line number="372" hits="3"/>
                <line number="374" hits="3"/>
                <line number="376" hits="3"/>
                <line number="377" hits="1"/>
                <line number="378" hits="1"/>
                <line number="379" hits="1"/>
                <line number="382" hits="2"/>
                <line number="384" hits="2"/>
                <line number="385" hits="1"/>
                <line number="388" hits="1"/>
              </lines>
            </method>
            <method name="unlock" signature="Playground\Admin\Models\Setting $setting, Playground\Admin\Resource\Http\Requests\Setting\UnlockRequest $request" line-rate="1" branch-rate="0" complexity="4">
              <lines>
                <line number="400" hits="4"/>
                <line number="402" hits="4"/>
                <line number="404" hits="4"/>
                <line number="406" hits="4"/>
                <line number="408" hits="4"/>
                <line number="409" hits="2"/>
                <line number="412" hits="2"/>
                <line number="414" hits="2"/>
                <line number="415" hits="1"/>
                <line number="418" hits="1"/>
              </lines>
            </method>
            <method name="update" signature="Playground\Admin\Models\Setting $setting, Playground\Admin\Resource\Http\Requests\Setting\UpdateRequest $request" line-rate="1" branch-rate="0" complexity="4">
              <lines>
                <line number="430" hits="5"/>
                <line number="432" hits="5"/>
                <line number="434" hits="5"/>
                <line number="436" hits="5"/>
                <line number="437" hits="2"/>
                <line number="440" hits="3"/>
                <line number="442" hits="3"/>
                <line number="443" hits="1"/>
                <line number="446" hits="2"/>
              </lines>
            </method>
          </methods>
          <lines>
            <line number="62" hits="3"/>
            <line number="64" hits="3"/>
            <line number="66" hits="3"/>
            <line number="68" hits="3"/>
            <line number="69" hits="3"/>
            <line number="70" hits="3"/>
            <line number="71" hits="3"/>
            <line number="72" hits="3"/>
            <line number="73" hits="3"/>
            <line number="74" hits="3"/>
            <line number="76" hits="3"/>
            <line number="77" hits="3"/>
            <line number="79" hits="3"/>
            <line number="80" hits="3"/>
            <line number="81" hits="3"/>
            <line number="82" hits="3"/>
            <line number="83" hits="3"/>
            <line number="85" hits="3"/>
            <line number="86" hits="1"/>
            <line number="89" hits="2"/>
            <line number="91" hits="2"/>
            <line number="92" hits="1"/>
            <line number="93" hits="1"/>
            <line number="96" hits="2"/>
            <line number="97" hits="2"/>
            <line number="100" hits="2"/>
            <line number="112" hits="3"/>
            <line number="114" hits="3"/>
            <line number="116" hits="3"/>
            <line number="117" hits="3"/>
            <line number="118" hits="3"/>
            <line number="119" hits="3"/>
            <line number="120" hits="3"/>
            <line number="121" hits="3"/>
            <line number="122" hits="3"/>
            <line number="124" hits="3"/>
            <line number="125" hits="3"/>
            <line number="127" hits="3"/>
            <line number="128" hits="3"/>
            <line number="129" hits="3"/>
            <line number="130" hits="3"/>
            <line number="131" hits="3"/>
            <line number="133" hits="3"/>
            <line number="134" hits="1"/>
            <line number="137" hits="2"/>
            <line number="139" hits="2"/>
            <line number="140" hits="1"/>
            <line number="141" hits="1"/>
            <line number="144" hits="2"/>
            <line number="146" hits="2"/>
            <line number="147" hits="2"/>
            <line number="148" hits="2"/>
            <line number="149" hits="2"/>
            <line number="161" hits="7"/>
            <line number="163" hits="7"/>
            <line number="164" hits="5"/>
            <line number="166" hits="2"/>
            <line number="169" hits="7"/>
            <line number="170" hits="4"/>
            <line number="173" hits="3"/>
            <line number="175" hits="3"/>
            <line number="176" hits="1"/>
            <line number="179" hits="2"/>
            <line number="191" hits="4"/>
            <line number="193" hits="4"/>
            <line number="195" hits="4"/>
            <line number="197" hits="4"/>
            <line number="199" hits="4"/>
            <line number="200" hits="4"/>
            <line number="201" hits="4"/>
            <line number="202" hits="4"/>
            <line number="203" hits="4"/>
            <line number="204" hits="4"/>
            <line number="207" hits="4"/>
            <line number="208" hits="2"/>
            <line number="211" hits="2"/>
            <line number="213" hits="2"/>
            <line number="214" hits="1"/>
            <line number="217" hits="1"/>
            <line number="228" hits="4"/>
            <line number="230" hits="4"/>
            <line number="232" hits="4"/>
            <line number="234" hits="4"/>
            <line number="236" hits="4"/>
            <line number="237" hits="2"/>
            <line number="239" hits="2"/>
            <line number="240" hits="2"/>
            <line number="241" hits="2"/>
            <line number="242" hits="2"/>
            <line number="244" hits="2"/>
            <line number="245" hits="2"/>
            <line number="246" hits="2"/>
            <line number="247" hits="2"/>
            <line number="249" hits="2"/>
            <line number="250" hits="2"/>
            <line number="251" hits="2"/>
            <line number="252" hits="2"/>
            <line number="254" hits="2"/>
            <line number="255" hits="2"/>
            <line number="256" hits="2"/>
            <line number="257" hits="2"/>
            <line number="260" hits="4"/>
            <line number="261" hits="4"/>
            <line number="263" hits="4"/>
            <line number="265" hits="4"/>
            <line number="266" hits="2"/>
            <line number="269" hits="2"/>
            <line number="270" hits="2"/>
            <line number="271" hits="2"/>
            <line number="272" hits="2"/>
            <line number="273" hits="2"/>
            <line number="274" hits="2"/>
            <line number="275" hits="2"/>
            <line number="276" hits="2"/>
            <line number="277" hits="2"/>
            <line number="278" hits="2"/>
            <line number="279" hits="2"/>
            <line number="280" hits="2"/>
            <line number="282" hits="2"/>
            <line number="283" hits="2"/>
            <line number="284" hits="2"/>
            <line number="285" hits="2"/>
            <line number="287" hits="2"/>
            <line number="288" hits="2"/>
            <line number="289" hits="2"/>
            <line number="290" hits="2"/>
            <line number="302" hits="4"/>
            <line number="304" hits="4"/>
            <line number="306" hits="4"/>
            <line number="308" hits="4"/>
            <line number="309" hits="2"/>
            <line number="312" hits="2"/>
            <line number="314" hits="2"/>
            <line number="315" hits="1"/>
            <line number="318" hits="1"/>
            <line number="330" hits="2"/>
            <line number="332" hits="2"/>
            <line number="334" hits="2"/>
            <line number="335" hits="2"/>
            <line number="336" hits="2"/>
            <line number="337" hits="2"/>
            <line number="338" hits="2"/>
            <line number="339" hits="2"/>
            <line number="340" hits="2"/>
            <line number="342" hits="2"/>
            <line number="343" hits="1"/>
            <line number="346" hits="1"/>
            <line number="347" hits="1"/>
            <line number="349" hits="1"/>
            <line number="350" hits="1"/>
            <line number="351" hits="1"/>
            <line number="352" hits="1"/>
            <line number="354" hits="1"/>
            <line number="355" hits="1"/>
            <line number="356" hits="1"/>
            <line number="357" hits="1"/>
            <line number="368" hits="3"/>
            <line number="370" hits="3"/>
            <line number="372" hits="3"/>
            <line number="374" hits="3"/>
            <line number="376" hits="3"/>
            <line number="377" hits="1"/>
            <line number="378" hits="1"/>
            <line number="379" hits="1"/>
            <line number="382" hits="2"/>
            <line number="384" hits="2"/>
            <line number="385" hits="1"/>
            <line number="388" hits="1"/>
            <line number="400" hits="4"/>
            <line number="402" hits="4"/>
            <line number="404" hits="4"/>
            <line number="406" hits="4"/>
            <line number="408" hits="4"/>
            <line number="409" hits="2"/>
            <line number="412" hits="2"/>
            <line number="414" hits="2"/>
            <line number="415" hits="1"/>
            <line number="418" hits="1"/>
            <line number="430" hits="5"/>
            <line number="432" hits="5"/>
            <line number="434" hits="5"/>
            <line number="436" hits="5"/>
            <line number="437" hits="2"/>
            <line number="440" hits="3"/>
            <line number="442" hits="3"/>
            <line number="443" hits="1"/>
            <line number="446" hits="2"/>
          </lines>
        </class>
      </classes>
    </package>
    <package name="Http/Controllers/UserController.php" line-rate="1" branch-rate="0" complexity="47">
      <classes>
        <class name="Playground\Admin\Resource\Http\Controllers\UserController" filename="Http/Controllers/UserController.php" line-rate="1" branch-rate="0" complexity="47">
          <methods>
            <method name="create" signature="Playground\Admin\Resource\Http\Requests\User\CreateRequest $request" line-rate="1" branch-rate="0" complexity="4">
              <lines>
                <line number="64" hits="3"/>
                <line number="66" hits="3"/>
                <line number="68" hits="3"/>
                <line number="70" hits="3"/>
                <line number="71" hits="3"/>
                <line number="72" hits="3"/>
                <line number="73" hits="3"/>
                <line number="74" hits="3"/>
                <line number="75" hits="3"/>
                <line number="76" hits="3"/>
                <line number="78" hits="3"/>
                <line number="79" hits="3"/>
                <line number="81" hits="3"/>
                <line number="82" hits="3"/>
                <line number="83" hits="3"/>
                <line number="84" hits="3"/>
                <line number="85" hits="3"/>
                <line number="87" hits="3"/>
                <line number="88" hits="1"/>
                <line number="91" hits="2"/>
                <line number="93" hits="2"/>
                <line number="94" hits="1"/>
                <line number="95" hits="1"/>
                <line number="98" hits="2"/>
                <line number="99" hits="2"/>
                <line number="102" hits="2"/>
              </lines>
            </method>
            <method name="edit" signature="string|int $id, Playground\Admin\Resource\Http\Requests\User\EditRequest $request" line-rate="1" branch-rate="0" complexity="3">
              <lines>
                <line number="114" hits="3"/>
                <line number="116" hits="3"/>
                <line number="118" hits="3"/>
                <line number="120" hits="3"/>
                <line number="121" hits="3"/>
                <line number="122" hits="3"/>
                <line number="123" hits="3"/>
                <line number="124" hits="3"/>
                <line number="125" hits="3"/>
                <line number="126" hits="3"/>
                <line number="128" hits="3"/>
                <line number="129" hits="3"/>
                <line number="131" hits="3"/>
                <line number="132" hits="3"/>
                <line number="133" hits="3"/>
                <line number="134" hits="3"/>
                <line number="135" hits="3"/>
                <line number="137" hits="3"/>
                <line number="138" hits="1"/>
                <line number="141" hits="2"/>
                <line number="143" hits="2"/>
                <line number="144" hits="1"/>
                <line number="145" hits="1"/>
                <line number="148" hits="2"/>
                <line number="150" hits="2"/>
                <line number="151" hits="2"/>
                <line number="152" hits="2"/>
                <line number="153" hits="2"/>
              </lines>
            </method>
            <method name="destroy" signature="string|int $id, Playground\Admin\Resource\Http\Requests\User\DestroyRequest $request" line-rate="1" branch-rate="0" complexity="5">
              <lines>
                <line number="165" hits="7"/>
                <line number="167" hits="7"/>
                <line number="168" hits="7"/>
                <line number="169" hits="7"/>
                <line number="170" hits="7"/>
                <line number="172" hits="7"/>
                <line number="173" hits="5"/>
                <line number="175" hits="2"/>
                <line number="178" hits="7"/>
                <line number="179" hits="4"/>
                <line number="182" hits="3"/>
                <line number="184" hits="3"/>
                <line number="185" hits="1"/>
                <line number="188" hits="2"/>
              </lines>
            </method>
            <method name="lock" signature="string|int $id, Playground\Admin\Resource\Http\Requests\User\LockRequest $request" line-rate="1" branch-rate="0" complexity="4">
              <lines>
                <line number="200" hits="4"/>
                <line number="202" hits="4"/>
                <line number="204" hits="4"/>
                <line number="206" hits="4"/>
                <line number="208" hits="4"/>
                <line number="210" hits="4"/>
                <line number="211" hits="4"/>
                <line number="212" hits="4"/>
                <line number="213" hits="4"/>
                <line number="214" hits="4"/>
                <line number="215" hits="4"/>
                <line number="218" hits="4"/>
                <line number="219" hits="2"/>
                <line number="222" hits="2"/>
                <line number="224" hits="2"/>
                <line number="225" hits="1"/>
                <line number="228" hits="1"/>
              </lines>
            </method>
            <method name="index" signature="Playground\Admin\Resource\Http\Requests\User\IndexRequest $request" line-rate="1" branch-rate="0" complexity="12">
              <lines>
                <line number="239" hits="4"/>
                <line number="241" hits="4"/>
                <line number="248" hits="4"/>
                <line number="251" hits="4"/>
                <line number="253" hits="4"/>
                <line number="254" hits="4"/>
                <line number="257" hits="4"/>
                <line number="259" hits="2"/>
                <line number="260" hits="2"/>
                <line number="263" hits="2"/>
                <line number="264" hits="2"/>
                <line number="265" hits="2"/>
                <line number="266" hits="2"/>
                <line number="267" hits="2"/>
                <line number="270" hits="2"/>
                <line number="271" hits="2"/>
                <line number="272" hits="2"/>
                <line number="273" hits="2"/>
                <line number="274" hits="2"/>
                <line number="277" hits="2"/>
                <line number="278" hits="2"/>
                <line number="279" hits="2"/>
                <line number="280" hits="2"/>
                <line number="281" hits="2"/>
                <line number="284" hits="2"/>
                <line number="285" hits="2"/>
                <line number="286" hits="2"/>
                <line number="287" hits="2"/>
                <line number="288" hits="2"/>
                <line number="292" hits="4"/>
                <line number="293" hits="4"/>
                <line number="295" hits="4"/>
                <line number="297" hits="4"/>
                <line number="298" hits="2"/>
                <line number="301" hits="2"/>
                <line number="302" hits="2"/>
                <line number="303" hits="2"/>
                <line number="304" hits="2"/>
                <line number="305" hits="2"/>
                <line number="306" hits="2"/>
                <line number="307" hits="2"/>
                <line number="308" hits="2"/>
                <line number="309" hits="2"/>
                <line number="310" hits="2"/>
                <line number="311" hits="2"/>
                <line number="312" hits="2"/>
                <line number="314" hits="2"/>
                <line number="315" hits="2"/>
                <line number="316" hits="2"/>
                <line number="317" hits="2"/>
                <line number="319" hits="2"/>
                <line number="320" hits="2"/>
                <line number="321" hits="2"/>
                <line number="322" hits="2"/>
              </lines>
            </method>
            <method name="restore" signature="string|int $id, Playground\Admin\Resource\Http\Requests\User\RestoreRequest $request" line-rate="1" branch-rate="0" complexity="5">
              <lines>
                <line number="334" hits="4"/>
                <line number="336" hits="4"/>
                <line number="337" hits="4"/>
                <line number="338" hits="4"/>
                <line number="339" hits="4"/>
                <line number="343" hits="4"/>
                <line number="344" hits="4"/>
                <line number="347" hits="4"/>
                <line number="348" hits="2"/>
                <line number="351" hits="2"/>
                <line number="353" hits="2"/>
                <line number="354" hits="1"/>
                <line number="357" hits="1"/>
              </lines>
            </method>
            <method name="show" signature="string|int $id, Playground\Admin\Resource\Http\Requests\User\ShowRequest $request" line-rate="1" branch-rate="0" complexity="2">
              <lines>
                <line number="369" hits="2"/>
                <line number="371" hits="2"/>
                <line number="373" hits="2"/>
                <line number="375" hits="2"/>
                <line number="376" hits="2"/>
                <line number="377" hits="2"/>
                <line number="378" hits="2"/>
                <line number="379" hits="2"/>
                <line number="380" hits="2"/>
                <line number="381" hits="2"/>
                <line number="383" hits="2"/>
                <line number="384" hits="1"/>
                <line number="387" hits="1"/>
                <line number="388" hits="1"/>
                <line number="390" hits="1"/>
                <line number="391" hits="1"/>
                <line number="392" hits="1"/>
                <line number="393" hits="1"/>
                <line number="395" hits="1"/>
                <line number="396" hits="1"/>
                <line number="397" hits="1"/>
                <line number="398" hits="1"/>
              </lines>
            </method>
            <method name="store" signature="Playground\Admin\Resource\Http\Requests\User\StoreRequest $request" line-rate="1" branch-rate="0" complexity="4">
              <lines>
                <line number="409" hits="3"/>
                <line number="411" hits="3"/>
                <line number="415" hits="3"/>
                <line number="417" hits="3"/>
                <line number="418" hits="1"/>
                <line number="419" hits="1"/>
                <line number="420" hits="1"/>
                <line number="423" hits="2"/>
                <line number="425" hits="2"/>
                <line number="426" hits="1"/>
                <line number="429" hits="1"/>
              </lines>
            </method>
            <method name="unlock" signature="string|int $id, Playground\Admin\Resource\Http\Requests\User\UnlockRequest $request" line-rate="1" branch-rate="0" complexity="4">
              <lines>
                <line number="441" hits="4"/>
                <line number="443" hits="4"/>
                <line number="447" hits="4"/>
                <line number="449" hits="4"/>
                <line number="451" hits="4"/>
                <line number="452" hits="2"/>
                <line number="455" hits="2"/>
                <line number="457" hits="2"/>
                <line number="458" hits="1"/>
                <line number="461" hits="1"/>
              </lines>
            </method>
            <method name="update" signature="string|int $id, Playground\Admin\Resource\Http\Requests\User\UpdateRequest $request" line-rate="1" branch-rate="0" complexity="4">
              <lines>
                <line number="473" hits="5"/>
                <line number="475" hits="5"/>
                <line number="477" hits="5"/>
                <line number="479" hits="5"/>
                <line number="480" hits="2"/>
                <line number="483" hits="3"/>
                <line number="485" hits="3"/>
                <line number="486" hits="1"/>
                <line number="489" hits="2"/>
              </lines>
            </method>
          </methods>
          <lines>
            <line number="64" hits="3"/>
            <line number="66" hits="3"/>
            <line number="68" hits="3"/>
            <line number="70" hits="3"/>
            <line number="71" hits="3"/>
            <line number="72" hits="3"/>
            <line number="73" hits="3"/>
            <line number="74" hits="3"/>
            <line number="75" hits="3"/>
            <line number="76" hits="3"/>
            <line number="78" hits="3"/>
            <line number="79" hits="3"/>
            <line number="81" hits="3"/>
            <line number="82" hits="3"/>
            <line number="83" hits="3"/>
            <line number="84" hits="3"/>
            <line number="85" hits="3"/>
            <line number="87" hits="3"/>
            <line number="88" hits="1"/>
            <line number="91" hits="2"/>
            <line number="93" hits="2"/>
            <line number="94" hits="1"/>
            <line number="95" hits="1"/>
            <line number="98" hits="2"/>
            <line number="99" hits="2"/>
            <line number="102" hits="2"/>
            <line number="114" hits="3"/>
            <line number="116" hits="3"/>
            <line number="118" hits="3"/>
            <line number="120" hits="3"/>
            <line number="121" hits="3"/>
            <line number="122" hits="3"/>
            <line number="123" hits="3"/>
            <line number="124" hits="3"/>
            <line number="125" hits="3"/>
            <line number="126" hits="3"/>
            <line number="128" hits="3"/>
            <line number="129" hits="3"/>
            <line number="131" hits="3"/>
            <line number="132" hits="3"/>
            <line number="133" hits="3"/>
            <line number="134" hits="3"/>
            <line number="135" hits="3"/>
            <line number="137" hits="3"/>
            <line number="138" hits="1"/>
            <line number="141" hits="2"/>
            <line number="143" hits="2"/>
            <line number="144" hits="1"/>
            <line number="145" hits="1"/>
            <line number="148" hits="2"/>
            <line number="150" hits="2"/>
            <line number="151" hits="2"/>
            <line number="152" hits="2"/>
            <line number="153" hits="2"/>
            <line number="165" hits="7"/>
            <line number="167" hits="7"/>
            <line number="168" hits="7"/>
            <line number="169" hits="7"/>
            <line number="170" hits="7"/>
            <line number="172" hits="7"/>
            <line number="173" hits="5"/>
            <line number="175" hits="2"/>
            <line number="178" hits="7"/>
            <line number="179" hits="4"/>
            <line number="182" hits="3"/>
            <line number="184" hits="3"/>
            <line number="185" hits="1"/>
            <line number="188" hits="2"/>
            <line number="200" hits="4"/>
            <line number="202" hits="4"/>
            <line number="204" hits="4"/>
            <line number="206" hits="4"/>
            <line number="208" hits="4"/>
            <line number="210" hits="4"/>
            <line number="211" hits="4"/>
            <line number="212" hits="4"/>
            <line number="213" hits="4"/>
            <line number="214" hits="4"/>
            <line number="215" hits="4"/>
            <line number="218" hits="4"/>
            <line number="219" hits="2"/>
            <line number="222" hits="2"/>
            <line number="224" hits="2"/>
            <line number="225" hits="1"/>
            <line number="228" hits="1"/>
            <line number="239" hits="4"/>
            <line number="241" hits="4"/>
            <line number="248" hits="4"/>
            <line number="251" hits="4"/>
            <line number="253" hits="4"/>
            <line number="254" hits="4"/>
            <line number="257" hits="4"/>
            <line number="259" hits="2"/>
            <line number="260" hits="2"/>
            <line number="263" hits="2"/>
            <line number="264" hits="2"/>
            <line number="265" hits="2"/>
            <line number="266" hits="2"/>
            <line number="267" hits="2"/>
            <line number="270" hits="2"/>
            <line number="271" hits="2"/>
            <line number="272" hits="2"/>
            <line number="273" hits="2"/>
            <line number="274" hits="2"/>
            <line number="277" hits="2"/>
            <line number="278" hits="2"/>
            <line number="279" hits="2"/>
            <line number="280" hits="2"/>
            <line number="281" hits="2"/>
            <line number="284" hits="2"/>
            <line number="285" hits="2"/>
            <line number="286" hits="2"/>
            <line number="287" hits="2"/>
            <line number="288" hits="2"/>
            <line number="292" hits="4"/>
            <line number="293" hits="4"/>
            <line number="295" hits="4"/>
            <line number="297" hits="4"/>
            <line number="298" hits="2"/>
            <line number="301" hits="2"/>
            <line number="302" hits="2"/>
            <line number="303" hits="2"/>
            <line number="304" hits="2"/>
            <line number="305" hits="2"/>
            <line number="306" hits="2"/>
            <line number="307" hits="2"/>
            <line number="308" hits="2"/>
            <line number="309" hits="2"/>
            <line number="310" hits="2"/>
            <line number="311" hits="2"/>
            <line number="312" hits="2"/>
            <line number="314" hits="2"/>
            <line number="315" hits="2"/>
            <line number="316" hits="2"/>
            <line number="317" hits="2"/>
            <line number="319" hits="2"/>
            <line number="320" hits="2"/>
            <line number="321" hits="2"/>
            <line number="322" hits="2"/>
            <line number="334" hits="4"/>
            <line number="336" hits="4"/>
            <line number="337" hits="4"/>
            <line number="338" hits="4"/>
            <line number="339" hits="4"/>
            <line number="343" hits="4"/>
            <line number="344" hits="4"/>
            <line number="347" hits="4"/>
            <line number="348" hits="2"/>
            <line number="351" hits="2"/>
            <line number="353" hits="2"/>
            <line number="354" hits="1"/>
            <line number="357" hits="1"/>
            <line number="369" hits="2"/>
            <line number="371" hits="2"/>
            <line number="373" hits="2"/>
            <line number="375" hits="2"/>
            <line number="376" hits="2"/>
            <line number="377" hits="2"/>
            <line number="378" hits="2"/>
            <line number="379" hits="2"/>
            <line number="380" hits="2"/>
            <line number="381" hits="2"/>
            <line number="383" hits="2"/>
            <line number="384" hits="1"/>
            <line number="387" hits="1"/>
            <line number="388" hits="1"/>
            <line number="390" hits="1"/>
            <line number="391" hits="1"/>
            <line number="392" hits="1"/>
            <line number="393" hits="1"/>
            <line number="395" hits="1"/>
            <line number="396" hits="1"/>
            <line number="397" hits="1"/>
            <line number="398" hits="1"/>
            <line number="409" hits="3"/>
            <line number="411" hits="3"/>
            <line number="415" hits="3"/>
            <line number="417" hits="3"/>
            <line number="418" hits="1"/>
            <line number="419" hits="1"/>
            <line number="420" hits="1"/>
            <line number="423" hits="2"/>
            <line number="425" hits="2"/>
            <line number="426" hits="1"/>
            <line number="429" hits="1"/>
            <line number="441" hits="4"/>
            <line number="443" hits="4"/>
            <line number="447" hits="4"/>
            <line number="449" hits="4"/>
            <line number="451" hits="4"/>
            <line number="452" hits="2"/>
            <line number="455" hits="2"/>
            <line number="457" hits="2"/>
            <line number="458" hits="1"/>
            <line number="461" hits="1"/>
            <line number="473" hits="5"/>
            <line number="475" hits="5"/>
            <line number="477" hits="5"/>
            <line number="479" hits="5"/>
            <line number="480" hits="2"/>
            <line number="483" hits="3"/>
            <line number="485" hits="3"/>
            <line number="486" hits="1"/>
            <line number="489" hits="2"/>
          </lines>
        </class>
      </classes>
    </package>
    <package name="Http/Requests/FormRequest.php" line-rate="1" branch-rate="0" complexity="8">
      <classes>
        <class name="Playground\Admin\Resource\Http\Requests\FormRequest" filename="Http/Requests/FormRequest.php" line-rate="1" branch-rate="0" complexity="8">
          <methods>
            <method name="authorize" signature="" line-rate="1" branch-rate="0" complexity="3">
              <lines>
                <line number="29" hits="72"/>
                <line number="31" hits="72"/>
                <line number="32" hits="1"/>
                <line number="35" hits="71"/>
              </lines>
            </method>
            <method name="rules" signature="" line-rate="1" branch-rate="0" complexity="2">
              <lines>
                <line number="45" hits="53"/>
                <line number="47" hits="53"/>
              </lines>
            </method>
            <method name="userHasAdminPrivileges" signature="?Illuminate\Contracts\Auth\Authenticatable $user" line-rate="1" branch-rate="0" complexity="3">
              <lines>
                <line number="52" hits="17"/>
                <line number="53" hits="17"/>
                <line number="54" hits="16"/>
                <line number="55" hits="15"/>
                <line number="58" hits="1"/>
                <line number="62" hits="17"/>
              </lines>
            </method>
          </methods>
          <lines>
            <line number="29" hits="72"/>
            <line number="31" hits="72"/>
            <line number="32" hits="1"/>
            <line number="35" hits="71"/>
            <line number="45" hits="53"/>
            <line number="47" hits="53"/>
            <line number="52" hits="17"/>
            <line number="53" hits="17"/>
            <line number="54" hits="16"/>
            <line number="55" hits="15"/>
            <line number="58" hits="1"/>
            <line number="62" hits="17"/>
          </lines>
        </class>
      </classes>
    </package>
    <package name="Http/Requests/Setting/CreateRequest.php" line-rate="0" branch-rate="0" complexity="0">
      <classes>
        <class name="Playground\Admin\Resource\Http\Requests\Setting\CreateRequest" filename="Http/Requests/Setting/CreateRequest.php" line-rate="0" branch-rate="0" complexity="0">
          <methods/>
          <lines/>
        </class>
      </classes>
    </package>
    <package name="Http/Requests/Setting/DestroyRequest.php" line-rate="1" branch-rate="0" complexity="2">
      <classes>
        <class name="Playground\Admin\Resource\Http\Requests\Setting\DestroyRequest" filename="Http/Requests/Setting/DestroyRequest.php" line-rate="1" branch-rate="0" complexity="2">
          <methods>
            <method name="rules" signature="" line-rate="1" branch-rate="0" complexity="2">
              <lines>
                <line number="31" hits="7"/>
                <line number="33" hits="7"/>
                <line number="35" hits="7"/>
                <line number="36" hits="7"/>
                <line number="39" hits="7"/>
              </lines>
            </method>
          </methods>
          <lines>
            <line number="31" hits="7"/>
            <line number="33" hits="7"/>
            <line number="35" hits="7"/>
            <line number="36" hits="7"/>
            <line number="39" hits="7"/>
          </lines>
        </class>
      </classes>
    </package>
    <package name="Http/Requests/Setting/EditRequest.php" line-rate="0" branch-rate="0" complexity="0">
      <classes>
        <class name="Playground\Admin\Resource\Http\Requests\Setting\EditRequest" filename="Http/Requests/Setting/EditRequest.php" line-rate="0" branch-rate="0" complexity="0">
          <methods/>
          <lines/>
        </class>
      </classes>
    </package>
    <package name="Http/Requests/Setting/IndexRequest.php" line-rate="0" branch-rate="0" complexity="0">
      <classes>
        <class name="Playground\Admin\Resource\Http\Requests\Setting\IndexRequest" filename="Http/Requests/Setting/IndexRequest.php" line-rate="0" branch-rate="0" complexity="0">
          <methods/>
          <lines/>
        </class>
      </classes>
    </package>
    <package name="Http/Requests/Setting/LockRequest.php" line-rate="0" branch-rate="0" complexity="0">
      <classes>
        <class name="Playground\Admin\Resource\Http\Requests\Setting\LockRequest" filename="Http/Requests/Setting/LockRequest.php" line-rate="0" branch-rate="0" complexity="0">
          <methods/>
          <lines/>
        </class>
      </classes>
    </package>
    <package name="Http/Requests/Setting/RestoreRequest.php" line-rate="0" branch-rate="0" complexity="0">
      <classes>
        <class name="Playground\Admin\Resource\Http\Requests\Setting\RestoreRequest" filename="Http/Requests/Setting/RestoreRequest.php" line-rate="0" branch-rate="0" complexity="0">
          <methods/>
          <lines/>
        </class>
      </classes>
    </package>
    <package name="Http/Requests/Setting/ShowRequest.php" line-rate="0" branch-rate="0" complexity="0">
      <classes>
        <class name="Playground\Admin\Resource\Http\Requests\Setting\ShowRequest" filename="Http/Requests/Setting/ShowRequest.php" line-rate="0" branch-rate="0" complexity="0">
          <methods/>
          <lines/>
        </class>
      </classes>
    </package>
    <package name="Http/Requests/Setting/StoreRequest.php" line-rate="1" branch-rate="0" complexity="2">
      <classes>
        <class name="Playground\Admin\Resource\Http\Requests\Setting\StoreRequest" filename="Http/Requests/Setting/StoreRequest.php" line-rate="1" branch-rate="0" complexity="2">
          <methods>
            <method name="prepareForValidation" signature="" line-rate="1" branch-rate="0" complexity="2">
              <lines>
                <line number="95" hits="5"/>
                <line number="97" hits="5"/>
                <line number="99" hits="5"/>
                <line number="100" hits="5"/>
                <line number="101" hits="5"/>
                <line number="102" hits="5"/>
                <line number="104" hits="5"/>
                <line number="105" hits="3"/>
              </lines>
            </method>
          </methods>
          <lines>
            <line number="95" hits="5"/>
            <line number="97" hits="5"/>
            <line number="99" hits="5"/>
            <line number="100" hits="5"/>
            <line number="101" hits="5"/>
            <line number="102" hits="5"/>
            <line number="104" hits="5"/>
            <line number="105" hits="3"/>
          </lines>
        </class>
      </classes>
    </package>
    <package name="Http/Requests/Setting/UnlockRequest.php" line-rate="0" branch-rate="0" complexity="0">
      <classes>
        <class name="Playground\Admin\Resource\Http\Requests\Setting\UnlockRequest" filename="Http/Requests/Setting/UnlockRequest.php" line-rate="0" branch-rate="0" complexity="0">
          <methods/>
          <lines/>
        </class>
      </classes>
    </package>
    <package name="Http/Requests/Setting/UpdateRequest.php" line-rate="1" branch-rate="0" complexity="2">
      <classes>
        <class name="Playground\Admin\Resource\Http\Requests\Setting\UpdateRequest" filename="Http/Requests/Setting/UpdateRequest.php" line-rate="1" branch-rate="0" complexity="2">
          <methods>
            <method name="prepareForValidation" signature="" line-rate="1" branch-rate="0" complexity="2">
              <lines>
                <line number="96" hits="5"/>
                <line number="98" hits="5"/>
                <line number="100" hits="5"/>
                <line number="101" hits="5"/>
                <line number="102" hits="5"/>
                <line number="103" hits="5"/>
                <line number="105" hits="5"/>
                <line number="106" hits="3"/>
              </lines>
            </method>
          </methods>
          <lines>
            <line number="96" hits="5"/>
            <line number="98" hits="5"/>
            <line number="100" hits="5"/>
            <line number="101" hits="5"/>
            <line number="102" hits="5"/>
            <line number="103" hits="5"/>
            <line number="105" hits="5"/>
            <line number="106" hits="3"/>
          </lines>
        </class>
      </classes>
    </package>
    <package name="Http/Requests/User/CreateRequest.php" line-rate="1" branch-rate="0" complexity="4">
      <classes>
        <class name="Playground\Admin\Resource\Http\Requests\User\CreateRequest" filename="Http/Requests/User/CreateRequest.php" line-rate="1" branch-rate="0" complexity="4">
          <methods>
            <method name="rules" signature="" line-rate="1" branch-rate="0" complexity="4">
              <lines>
                <line number="82" hits="7"/>
                <line number="83" hits="6"/>
                <line number="85" hits="1"/>
                <line number="88" hits="7"/>
              </lines>
            </method>
          </methods>
          <lines>
            <line number="82" hits="7"/>
            <line number="83" hits="6"/>
            <line number="85" hits="1"/>
            <line number="88" hits="7"/>
          </lines>
        </class>
      </classes>
    </package>
    <package name="Http/Requests/User/DestroyRequest.php" line-rate="1" branch-rate="0" complexity="2">
      <classes>
        <class name="Playground\Admin\Resource\Http\Requests\User\DestroyRequest" filename="Http/Requests/User/DestroyRequest.php" line-rate="1" branch-rate="0" complexity="2">
          <methods>
            <method name="rules" signature="" line-rate="1" branch-rate="0" complexity="2">
              <lines>
                <line number="31" hits="7"/>
                <line number="33" hits="7"/>
                <line number="35" hits="7"/>
                <line number="36" hits="7"/>
                <line number="39" hits="7"/>
              </lines>
            </method>
          </methods>
          <lines>
            <line number="31" hits="7"/>
            <line number="33" hits="7"/>
            <line number="35" hits="7"/>
            <line number="36" hits="7"/>
            <line number="39" hits="7"/>
          </lines>
        </class>
      </classes>
    </package>
    <package name="Http/Requests/User/EditRequest.php" line-rate="1" branch-rate="0" complexity="4">
      <classes>
        <class name="Playground\Admin\Resource\Http\Requests\User\EditRequest" filename="Http/Requests/User/EditRequest.php" line-rate="1" branch-rate="0" complexity="4">
          <methods>
            <method name="rules" signature="" line-rate="1" branch-rate="0" complexity="4">
              <lines>
                <line number="82" hits="7"/>
                <line number="83" hits="6"/>
                <line number="85" hits="1"/>
                <line number="88" hits="7"/>
              </lines>
            </method>
          </methods>
          <lines>
            <line number="82" hits="7"/>
            <line number="83" hits="6"/>
            <line number="85" hits="1"/>
            <line number="88" hits="7"/>
          </lines>
        </class>
      </classes>
    </package>
    <package name="Http/Requests/User/IndexRequest.php" line-rate="0" branch-rate="0" complexity="0">
      <classes>
        <class name="Playground\Admin\Resource\Http\Requests\User\IndexRequest" filename="Http/Requests/User/IndexRequest.php" line-rate="0" branch-rate="0" complexity="0">
          <methods/>
          <lines/>
        </class>
      </classes>
    </package>
    <package name="Http/Requests/User/LockRequest.php" line-rate="0" branch-rate="0" complexity="0">
      <classes>
        <class name="Playground\Admin\Resource\Http\Requests\User\LockRequest" filename="Http/Requests/User/LockRequest.php" line-rate="0" branch-rate="0" complexity="0">
          <methods/>
          <lines/>
        </class>
      </classes>
    </package>
    <package name="Http/Requests/User/RestoreRequest.php" line-rate="0" branch-rate="0" complexity="0">
      <classes>
        <class name="Playground\Admin\Resource\Http\Requests\User\RestoreRequest" filename="Http/Requests/User/RestoreRequest.php" line-rate="0" branch-rate="0" complexity="0">
          <methods/>
          <lines/>
        </class>
      </classes>
    </package>
    <package name="Http/Requests/User/ShowRequest.php" line-rate="0" branch-rate="0" complexity="0">
      <classes>
        <class name="Playground\Admin\Resource\Http\Requests\User\ShowRequest" filename="Http/Requests/User/ShowRequest.php" line-rate="0" branch-rate="0" complexity="0">
          <methods/>
          <lines/>
        </class>
      </classes>
    </package>
    <package name="Http/Requests/User/StoreRequest.php" line-rate="1" branch-rate="0" complexity="9">
      <classes>
        <class name="Playground\Admin\Resource\Http\Requests\User\StoreRequest" filename="Http/Requests/User/StoreRequest.php" line-rate="1" branch-rate="0" complexity="9">
          <methods>
            <method name="prepareForValidation" signature="" line-rate="1" branch-rate="0" complexity="5">
              <lines>
                <line number="90" hits="8"/>
                <line number="92" hits="8"/>
                <line number="93" hits="1"/>
                <line number="96" hits="7"/>
                <line number="98" hits="7"/>
                <line number="99" hits="7"/>
                <line number="100" hits="7"/>
                <line number="101" hits="7"/>
                <line number="103" hits="7"/>
                <line number="104" hits="4"/>
                <line number="107" hits="7"/>
                <line number="108" hits="4"/>
                <line number="111" hits="7"/>
                <line number="112" hits="4"/>
              </lines>
            </method>
            <method name="rules" signature="" line-rate="1" branch-rate="0" complexity="4">
              <lines>
                <line number="123" hits="7"/>
                <line number="124" hits="6"/>
                <line number="126" hits="1"/>
                <line number="129" hits="7"/>
              </lines>
            </method>
          </methods>
          <lines>
            <line number="90" hits="8"/>
            <line number="92" hits="8"/>
            <line number="93" hits="1"/>
            <line number="96" hits="7"/>
            <line number="98" hits="7"/>
            <line number="99" hits="7"/>
            <line number="100" hits="7"/>
            <line number="101" hits="7"/>
            <line number="103" hits="7"/>
            <line number="104" hits="4"/>
            <line number="107" hits="7"/>
            <line number="108" hits="4"/>
            <line number="111" hits="7"/>
            <line number="112" hits="4"/>
            <line number="123" hits="7"/>
            <line number="124" hits="6"/>
            <line number="126" hits="1"/>
            <line number="129" hits="7"/>
          </lines>
        </class>
      </classes>
    </package>
    <package name="Http/Requests/User/UnlockRequest.php" line-rate="0" branch-rate="0" complexity="0">
      <classes>
        <class name="Playground\Admin\Resource\Http\Requests\User\UnlockRequest" filename="Http/Requests/User/UnlockRequest.php" line-rate="0" branch-rate="0" complexity="0">
          <methods/>
          <lines/>
        </class>
      </classes>
    </package>
    <package name="Http/Requests/User/UpdateRequest.php" line-rate="1" branch-rate="0" complexity="7">
      <classes>
        <class name="Playground\Admin\Resource\Http\Requests\User\UpdateRequest" filename="Http/Requests/User/UpdateRequest.php" line-rate="1" branch-rate="0" complexity="7">
          <methods>
            <method name="prepareForValidation" signature="" line-rate="1" branch-rate="0" complexity="5">
              <lines>
                <line number="90" hits="8"/>
                <line number="92" hits="8"/>
                <line number="93" hits="1"/>
                <line number="96" hits="7"/>
                <line number="98" hits="7"/>
                <line number="99" hits="7"/>
                <line number="100" hits="7"/>
                <line number="101" hits="7"/>
                <line number="103" hits="7"/>
                <line number="104" hits="4"/>
                <line number="107" hits="7"/>
                <line number="108" hits="4"/>
                <line number="111" hits="7"/>
                <line number="112" hits="4"/>
              </lines>
            </method>
            <method name="rules" signature="" line-rate="1" branch-rate="0" complexity="2">
              <lines>
                <line number="123" hits="7"/>
                <line number="124" hits="6"/>
                <line number="126" hits="1"/>
                <line number="129" hits="7"/>
              </lines>
            </method>
          </methods>
          <lines>
            <line number="90" hits="8"/>
            <line number="92" hits="8"/>
            <line number="93" hits="1"/>
            <line number="96" hits="7"/>
            <line number="98" hits="7"/>
            <line number="99" hits="7"/>
            <line number="100" hits="7"/>
            <line number="101" hits="7"/>
            <line number="103" hits="7"/>
            <line number="104" hits="4"/>
            <line number="107" hits="7"/>
            <line number="108" hits="4"/>
            <line number="111" hits="7"/>
            <line number="112" hits="4"/>
            <line number="123" hits="7"/>
            <line number="124" hits="6"/>
            <line number="126" hits="1"/>
            <line number="129" hits="7"/>
          </lines>
        </class>
      </classes>
    </package>
    <package name="Http/Resources/Setting.php" line-rate="1" branch-rate="0" complexity="1">
      <classes>
        <class name="Playground\Admin\Resource\Http\Resources\Setting" filename="Http/Resources/Setting.php" line-rate="1" branch-rate="0" complexity="1">
          <methods>
            <method name="with" signature="Illuminate\Http\Request $request" line-rate="1" branch-rate="0" complexity="1">
              <lines>
                <line number="33" hits="10"/>
                <line number="35" hits="10"/>
                <line number="36" hits="10"/>
                <line number="37" hits="10"/>
                <line number="38" hits="10"/>
                <line number="39" hits="10"/>
                <line number="40" hits="10"/>
                <line number="41" hits="10"/>
                <line number="42" hits="10"/>
                <line number="43" hits="10"/>
              </lines>
            </method>
          </methods>
          <lines>
            <line number="33" hits="10"/>
            <line number="35" hits="10"/>
            <line number="36" hits="10"/>
            <line number="37" hits="10"/>
            <line number="38" hits="10"/>
            <line number="39" hits="10"/>
            <line number="40" hits="10"/>
            <line number="41" hits="10"/>
            <line number="42" hits="10"/>
            <line number="43" hits="10"/>
          </lines>
        </class>
      </classes>
    </package>
    <package name="Http/Resources/SettingCollection.php" line-rate="1" branch-rate="0" complexity="1">
      <classes>
        <class name="Playground\Admin\Resource\Http\Resources\SettingCollection" filename="Http/Resources/SettingCollection.php" line-rate="1" branch-rate="0" complexity="1">
          <methods>
            <method name="with" signature="Illuminate\Http\Request $request" line-rate="1" branch-rate="0" complexity="1">
              <lines>
                <line number="29" hits="2"/>
                <line number="30" hits="2"/>
                <line number="31" hits="2"/>
                <line number="32" hits="2"/>
                <line number="33" hits="2"/>
                <line number="34" hits="2"/>
                <line number="35" hits="2"/>
                <line number="36" hits="2"/>
                <line number="37" hits="2"/>
                <line number="38" hits="2"/>
                <line number="39" hits="2"/>
                <line number="40" hits="2"/>
                <line number="41" hits="2"/>
              </lines>
            </method>
          </methods>
          <lines>
            <line number="29" hits="2"/>
            <line number="30" hits="2"/>
            <line number="31" hits="2"/>
            <line number="32" hits="2"/>
            <line number="33" hits="2"/>
            <line number="34" hits="2"/>
            <line number="35" hits="2"/>
            <line number="36" hits="2"/>
            <line number="37" hits="2"/>
            <line number="38" hits="2"/>
            <line number="39" hits="2"/>
            <line number="40" hits="2"/>
            <line number="41" hits="2"/>
          </lines>
        </class>
      </classes>
    </package>
    <package name="Http/Resources/User.php" line-rate="1" branch-rate="0" complexity="1">
      <classes>
        <class name="Playground\Admin\Resource\Http\Resources\User" filename="Http/Resources/User.php" line-rate="1" branch-rate="0" complexity="1">
          <methods>
            <method name="with" signature="Illuminate\Http\Request $request" line-rate="1" branch-rate="0" complexity="1">
              <lines>
                <line number="32" hits="10"/>
                <line number="34" hits="10"/>
                <line number="35" hits="10"/>
                <line number="36" hits="10"/>
                <line number="37" hits="10"/>
                <line number="38" hits="10"/>
                <line number="39" hits="10"/>
                <line number="40" hits="10"/>
                <line number="41" hits="10"/>
                <line number="42" hits="10"/>
              </lines>
            </method>
          </methods>
          <lines>
            <line number="32" hits="10"/>
            <line number="34" hits="10"/>
            <line number="35" hits="10"/>
            <line number="36" hits="10"/>
            <line number="37" hits="10"/>
            <line number="38" hits="10"/>
            <line number="39" hits="10"/>
            <line number="40" hits="10"/>
            <line number="41" hits="10"/>
            <line number="42" hits="10"/>
          </lines>
        </class>
      </classes>
    </package>
    <package name="Http/Resources/UserCollection.php" line-rate="1" branch-rate="0" complexity="1">
      <classes>
        <class name="Playground\Admin\Resource\Http\Resources\UserCollection" filename="Http/Resources/UserCollection.php" line-rate="1" branch-rate="0" complexity="1">
          <methods>
            <method name="with" signature="Illuminate\Http\Request $request" line-rate="1" branch-rate="0" complexity="1">
              <lines>
                <line number="29" hits="2"/>
                <line number="30" hits="2"/>
                <line number="31" hits="2"/>
                <line number="32" hits="2"/>
                <line number="33" hits="2"/>
                <line number="34" hits="2"/>
                <line number="35" hits="2"/>
                <line number="36" hits="2"/>
                <line number="37" hits="2"/>
                <line number="38" hits="2"/>
                <line number="39" hits="2"/>
                <line number="40" hits="2"/>
                <line number="41" hits="2"/>
              </lines>
            </method>
          </methods>
          <lines>
            <line number="29" hits="2"/>
            <line number="30" hits="2"/>
            <line number="31" hits="2"/>
            <line number="32" hits="2"/>
            <line number="33" hits="2"/>
            <line number="34" hits="2"/>
            <line number="35" hits="2"/>
            <line number="36" hits="2"/>
            <line number="37" hits="2"/>
            <line number="38" hits="2"/>
            <line number="39" hits="2"/>
            <line number="40" hits="2"/>
            <line number="41" hits="2"/>
          </lines>
        </class>
      </classes>
    </package>
    <package name="Policies/SettingPolicy.php" line-rate="0" branch-rate="0" complexity="0">
      <classes>
        <class name="Playground\Admin\Resource\Policies\SettingPolicy" filename="Policies/SettingPolicy.php" line-rate="0" branch-rate="0" complexity="0">
          <methods/>
          <lines/>
        </class>
      </classes>
    </package>
    <package name="ServiceProvider.php" line-rate="1" branch-rate="0" complexity="50">
      <classes>
        <class name="Playground\Admin\Resource\ServiceProvider" filename="ServiceProvider.php" line-rate="1" branch-rate="0" complexity="50">
          <methods>
            <method name="boot" signature="" line-rate="1" branch-rate="0" complexity="12">
              <lines>
                <line number="32" hits="180"/>
                <line number="34" hits="180"/>
                <line number="36" hits="180"/>
                <line number="37" hits="180"/>
                <line number="38" hits="180"/>
                <line number="39" hits="180"/>
                <line number="40" hits="180"/>
                <line number="43" hits="180"/>
                <line number="44" hits="180"/>
                <line number="45" hits="180"/>
                <line number="47" hits="180"/>
                <line number="48" hits="180"/>
                <line number="51" hits="180"/>
                <line number="52" hits="180"/>
                <line number="53" hits="180"/>
                <line number="55" hits="180"/>
                <line number="58" hits="180"/>
                <line number="59" hits="180"/>
                <line number="60" hits="180"/>
                <line number="61" hits="180"/>
                <line number="62" hits="180"/>
                <line number="65" hits="180"/>
                <line number="67" hits="180"/>
                <line number="68" hits="180"/>
                <line number="69" hits="180"/>
                <line number="72" hits="180"/>
                <line number="73" hits="180"/>
                <line number="74" hits="180"/>
                <line number="78" hits="180"/>
              </lines>
            </method>
            <method name="register" signature="" line-rate="1" branch-rate="0" complexity="1">
              <lines>
                <line number="86" hits="180"/>
                <line number="87" hits="180"/>
                <line number="88" hits="180"/>
                <line number="89" hits="180"/>
              </lines>
            </method>
            <method name="setPolicies" signature="array $policies" line-rate="1" branch-rate="0" complexity="10">
              <lines>
                <line number="99" hits="180"/>
                <line number="100" hits="180"/>
                <line number="101" hits="1"/>
                <line number="102" hits="1"/>
                <line number="103" hits="1"/>
                <line number="104" hits="1"/>
                <line number="105" hits="1"/>
                <line number="106" hits="1"/>
                <line number="108" hits="1"/>
                <line number="110" hits="180"/>
                <line number="111" hits="1"/>
                <line number="112" hits="1"/>
                <line number="113" hits="1"/>
                <line number="114" hits="1"/>
                <line number="115" hits="1"/>
                <line number="116" hits="1"/>
                <line number="118" hits="1"/>
                <line number="120" hits="180"/>
              </lines>
            </method>
            <method name="routes" signature="array $config" line-rate="1" branch-rate="0" complexity="4">
              <lines>
                <line number="129" hits="180"/>
                <line number="130" hits="180"/>
                <line number="132" hits="180"/>
                <line number="133" hits="180"/>
                <line number="135" hits="180"/>
                <line number="136" hits="180"/>
              </lines>
            </method>
            <method name="about" signature="" line-rate="1" branch-rate="0" complexity="23">
              <lines>
                <line number="142" hits="180"/>
                <line number="143" hits="180"/>
                <line number="145" hits="180"/>
                <line number="147" hits="180"/>
                <line number="149" hits="180"/>
                <line number="151" hits="180"/>
                <line number="153" hits="180"/>
                <line number="154" hits="180"/>
                <line number="155" hits="180"/>
                <line number="156" hits="180"/>
                <line number="158" hits="180"/>
                <line number="159" hits="180"/>
                <line number="160" hits="180"/>
                <line number="162" hits="180"/>
                <line number="164" hits="180"/>
                <line number="165" hits="180"/>
                <line number="166" hits="180"/>
                <line number="167" hits="180"/>
                <line number="169" hits="180"/>
                <line number="170" hits="180"/>
                <line number="171" hits="180"/>
                <line number="173" hits="180"/>
                <line number="174" hits="180"/>
                <line number="175" hits="180"/>
              </lines>
            </method>
          </methods>
          <lines>
            <line number="32" hits="180"/>
            <line number="34" hits="180"/>
            <line number="36" hits="180"/>
            <line number="37" hits="180"/>
            <line number="38" hits="180"/>
            <line number="39" hits="180"/>
            <line number="40" hits="180"/>
            <line number="43" hits="180"/>
            <line number="44" hits="180"/>
            <line number="45" hits="180"/>
            <line number="47" hits="180"/>
            <line number="48" hits="180"/>
            <line number="51" hits="180"/>
            <line number="52" hits="180"/>
            <line number="53" hits="180"/>
            <line number="55" hits="180"/>
            <line number="58" hits="180"/>
            <line number="59" hits="180"/>
            <line number="60" hits="180"/>
            <line number="61" hits="180"/>
            <line number="62" hits="180"/>
            <line number="65" hits="180"/>
            <line number="67" hits="180"/>
            <line number="68" hits="180"/>
            <line number="69" hits="180"/>
            <line number="72" hits="180"/>
            <line number="73" hits="180"/>
            <line number="74" hits="180"/>
            <line number="78" hits="180"/>
            <line number="86" hits="180"/>
            <line number="87" hits="180"/>
            <line number="88" hits="180"/>
            <line number="89" hits="180"/>
            <line number="99" hits="180"/>
            <line number="100" hits="180"/>
            <line number="101" hits="1"/>
            <line number="102" hits="1"/>
            <line number="103" hits="1"/>
            <line number="104" hits="1"/>
            <line number="105" hits="1"/>
            <line number="106" hits="1"/>
            <line number="108" hits="1"/>
            <line number="110" hits="180"/>
            <line number="111" hits="1"/>
            <line number="112" hits="1"/>
            <line number="113" hits="1"/>
            <line number="114" hits="1"/>
            <line number="115" hits="1"/>
            <line number="116" hits="1"/>
            <line number="118" hits="1"/>
            <line number="120" hits="180"/>
            <line number="129" hits="180"/>
            <line number="130" hits="180"/>
            <line number="132" hits="180"/>
            <line number="133" hits="180"/>
            <line number="135" hits="180"/>
            <line number="136" hits="180"/>
            <line number="142" hits="180"/>
            <line number="143" hits="180"/>
            <line number="145" hits="180"/>
            <line number="147" hits="180"/>
            <line number="149" hits="180"/>
            <line number="151" hits="180"/>
            <line number="153" hits="180"/>
            <line number="154" hits="180"/>
            <line number="155" hits="180"/>
            <line number="156" hits="180"/>
            <line number="158" hits="180"/>
            <line number="159" hits="180"/>
            <line number="160" hits="180"/>
            <line number="162" hits="180"/>
            <line number="164" hits="180"/>
            <line number="165" hits="180"/>
            <line number="166" hits="180"/>
            <line number="167" hits="180"/>
            <line number="169" hits="180"/>
            <line number="170" hits="180"/>
            <line number="171" hits="180"/>
            <line number="173" hits="180"/>
            <line number="174" hits="180"/>
            <line number="175" hits="180"/>
          </lines>
        </class>
      </classes>
    </package>
  </packages>
</coverage>
